#
# A fatal error has been detected by the Java Runtime Environment:
#
#  EXCEPTION_ACCESS_VIOLATION (0xc0000005) at pc=0x000002d38746921e, pid=20072, tid=3564
#
# JRE version: Java(TM) SE Runtime Environment (21.0.3+7) (build 21.0.3+7-LTS-152)
# Java VM: Java HotSpot(TM) 64-Bit Server VM (21.0.3+7-LTS-152, mixed mode, sharing, tiered, compressed oops, compressed class ptrs, g1 gc, windows-amd64)
# Problematic frame:
# j  jdk.internal.org.objectweb.asm.MethodWriter.putMethodInfo(Ljdk/internal/org/objectweb/asm/ByteVector;)V+513 java.base@21.0.3
#
# No core dump will be written. Minidumps are not enabled by default on client versions of Windows
#
# If you would like to submit a bug report, please visit:
#   https://bugreport.java.com/bugreport/crash.jsp
#

---------------  S U M M A R Y ------------

Command Line: -ea -Didea.test.cyclic.buffer.size=1048576 -javaagent:C:\Program Files\JetBrains\IntelliJ IDEA Community Edition 2023.3\lib\idea_rt.jar=50906:C:\Program Files\JetBrains\IntelliJ IDEA Community Edition 2023.3\bin -Dfile.encoding=UTF-8 -Dsun.stdout.encoding=UTF-8 -Dsun.stderr.encoding=UTF-8 com.intellij.rt.junit.JUnitStarter -ideVersion5 -junit5 org.example.tech.JUnit.service.SWAPIServiceTest

Host: AMD Ryzen 9 5900X 12-Core Processor            , 24 cores, 31G,  Windows 11 , 64 bit Build 22621 (10.0.22621.3672)
Time: Fri Jul 26 13:33:14 2024 Hora de verano romance elapsed time: 0.075278 seconds (0d 0h 0m 0s)

---------------  T H R E A D  ---------------

Current thread (0x000002d3ecb572a0):  JavaThread "main"             [_thread_in_Java, id=3564, stack(0x000000f314700000,0x000000f314800000) (1024K)]

Stack: [0x000000f314700000,0x000000f314800000],  sp=0x000000f3147fd840,  free space=1014k
Native frames: (J=compiled Java code, j=interpreted, Vv=VM code, C=native code)
C  0x000002d38746921e

The last pc belongs to invokevirtual (printed below).

siginfo: EXCEPTION_ACCESS_VIOLATION (0xc0000005), reading address 0x0000000000202215


Registers:
RAX=0x0000000000000000, RBX=0x0000000000000007, RCX=0x000000000020220d, RDX=0x0000000080000002
RSP=0x000000f3147fd840, RBP=0x000000f3147fd8b0, RSI=0x00000000000002a8, RDI=0x000000000000000a
R8 =0x0000000000000006, R9 =0x0000000620e15760, R10=0x00007ffe0e352650, R11=0x000000f3147fd810
R12=0x0000000000000000, R13=0x000002d393ae4241, R14=0x000000f3147fd900, R15=0x000002d3ecb572a0
RIP=0x000002d38746921e, EFLAGS=0x0000000000010246


Register to memory mapping:

RAX=0x0 is null
RBX=0x0000000000000007 is an unknown value
RCX=0x000000000020220d is an unknown value
RDX=0x0000000080000002 is an unknown value
RSP=0x000000f3147fd840 is pointing into the stack for thread: 0x000002d3ecb572a0
RBP=0x000000f3147fd8b0 is pointing into the stack for thread: 0x000002d3ecb572a0
RSI=0x00000000000002a8 is an unknown value
RDI=0x000000000000000a is an unknown value
R8 =0x0000000000000006 is an unknown value
R9 =0x0000000620e15760 is an oop: jdk.internal.org.objectweb.asm.MethodWriter 
{0x0000000620e15760} - klass: 'jdk/internal/org/objectweb/asm/MethodWriter'
 - ---- fields (total size 28 words):
 - protected final 'api' 'I' @12  589824 (0x00090000)
 - protected 'mv' 'Ljdk/internal/org/objectweb/asm/MethodVisitor;' @16  a 'jdk/internal/org/objectweb/asm/MethodWriter'{0x0000000620e172a8} (0xc41c2e55)
 - private final 'accessFlags' 'I' @20  8 (0x00000008)
 - private final 'nameIndex' 'I' @24  6 (0x00000006)
 - private final 'descriptorIndex' 'I' @28  7 (0x00000007)
 - private 'maxStack' 'I' @32  1 (0x00000001)
 - private 'maxLocals' 'I' @36  3 (0x00000003)
 - private 'lineNumberTableLength' 'I' @40  0 (0x00000000)
 - private 'localVariableTableLength' 'I' @44  0 (0x00000000)
 - private 'localVariableTypeTableLength' 'I' @48  0 (0x00000000)
 - private 'stackMapTableNumberOfEntries' 'I' @52  0 (0x00000000)
 - private final 'numberOfExceptions' 'I' @56  0 (0x00000000)
 - private final 'signatureIndex' 'I' @60  0 (0x00000000)
 - private 'visibleAnnotableParameterCount' 'I' @64  0 (0x00000000)
 - private 'invisibleAnnotableParameterCount' 'I' @68  0 (0x00000000)
 - private 'parametersCount' 'I' @72  0 (0x00000000)
 - private final 'compute' 'I' @76  4 (0x00000004)
 - private 'relativeStackSize' 'I' @80  0 (0x00000000)
 - private 'maxRelativeStackSize' 'I' @84  0 (0x00000000)
 - private 'currentLocals' 'I' @88  2 (0x00000002)
 - private 'previousFrameOffset' 'I' @92  0 (0x00000000)
 - private 'lastBytecodeOffset' 'I' @96  15 (0x0000000f)
 - private 'sourceOffset' 'I' @100  0 (0x00000000)
 - private 'sourceLength' 'I' @104  0 (0x00000000)
 - private 'hasSubroutines' 'Z' @108  false (0x00)
 - private 'hasAsmInstructions' 'Z' @109  false (0x00)
 - private final 'symbolTable' 'Ljdk/internal/org/objectweb/asm/SymbolTable;' @112  a 'jdk/internal/org/objectweb/asm/SymbolTable'{0x0000000620e146f0} (0xc41c28de)
 - private final 'name' 'Ljava/lang/String;' @116  "invoke"{0x0000000620e089b8} (0xc41c1137)
 - private final 'descriptor' 'Ljava/lang/String;' @120  "(Ljava/lang/Object;Ljava/lang/Object;)Ljava/lang/Object;"{0x0000000620e15208} (0xc41c2a41)
 - private final 'code' 'Ljdk/internal/org/objectweb/asm/ByteVector;' @124  a 'jdk/internal/org/objectweb/asm/ByteVector'{0x0000000620e15840} (0xc41c2b08)
 - private 'firstHandler' 'Ljdk/internal/org/objectweb/asm/Handler;' @128  null (0x00000000)
 - private 'lastHandler' 'Ljdk/internal/org/objectweb/asm/Handler;' @132  null (0x00000000)
 - private 'lineNumberTable' 'Ljdk/internal/org/objectweb/asm/ByteVector;' @136  null (0x00000000)
 - private 'localVariableTable' 'Ljdk/internal/org/objectweb/asm/ByteVector;' @140  null (0x00000000)
 - private 'localVariableTypeTable' 'Ljdk/internal/org/objectweb/asm/ByteVector;' @144  null (0x00000000)
 - private 'stackMapTableEntries' 'Ljdk/internal/org/objectweb/asm/ByteVector;' @148  null (0x00000000)
 - private 'lastCodeRuntimeVisibleTypeAnnotation' 'Ljdk/internal/org/objectweb/asm/AnnotationWriter;' @152  null (0x00000000)
 - private 'lastCodeRuntimeInvisibleTypeAnnotation' 'Ljdk/internal/org/objectweb/asm/AnnotationWriter;' @156  null (0x00000000)
 - private 'firstCodeAttribute' 'Ljdk/internal/org/objectweb/asm/Attribute;' @160  null (0x00000000)
 - private final 'exceptionIndexTable' '[I' @164  null (0x00000000)
 - private 'lastRuntimeVisibleAnnotation' 'Ljdk/internal/org/objectweb/asm/AnnotationWriter;' @168  a 'jdk/internal/org/objectweb/asm/AnnotationWriter'{0x0000000620e16540} (0xc41c2ca8)
 - private 'lastRuntimeInvisibleAnnotation' 'Ljdk/internal/org/objectweb/asm/AnnotationWriter;' @172  null (0x00000000)
 - private 'lastRuntimeVisibleParameterAnnotations' '[Ljdk/internal/org/objectweb/asm/AnnotationWriter;' @176  null (0x00000000)
 - private 'lastRuntimeInvisibleParameterAnnotations' '[Ljdk/internal/org/objectweb/asm/AnnotationWriter;' @180  null (0x00000000)
 - private 'lastRuntimeVisibleTypeAnnotation' 'Ljdk/internal/org/objectweb/asm/AnnotationWriter;' @184  null (0x00000000)
 - private 'lastRuntimeInvisibleTypeAnnotation' 'Ljdk/internal/org/objectweb/asm/AnnotationWriter;' @188  null (0x00000000)
 - private 'defaultValue' 'Ljdk/internal/org/objectweb/asm/ByteVector;' @192  null (0x00000000)
 - private 'parameters' 'Ljdk/internal/org/objectweb/asm/ByteVector;' @196  null (0x00000000)
 - private 'firstAttribute' 'Ljdk/internal/org/objectweb/asm/Attribute;' @200  null (0x00000000)
 - private 'firstBasicBlock' 'Ljdk/internal/org/objectweb/asm/Label;' @204  a 'jdk/internal/org/objectweb/asm/Label'{0x0000000620e15e00} (0xc41c2bc0)
 - private 'lastBasicBlock' 'Ljdk/internal/org/objectweb/asm/Label;' @208  a 'jdk/internal/org/objectweb/asm/Label'{0x0000000620e16df0} (0xc41c2dbe)
 - private 'currentBasicBlock' 'Ljdk/internal/org/objectweb/asm/Label;' @212  null (0x00000000)
 - private 'previousFrame' '[I' @216  [I{0x0000000620e16fd0} (0xc41c2dfa)
 - private 'currentFrame' '[I' @220  null (0x00000000)
R10=0x00007ffe0e352650 jvm.dll
R11=0x000000f3147fd810 is pointing into the stack for thread: 0x000002d3ecb572a0
R12=0x0 is null
R13=0x000002d393ae4241 is pointing into metadata
R14=0x000000f3147fd900 is pointing into the stack for thread: 0x000002d3ecb572a0
R15=0x000002d3ecb572a0 is a thread

Top of Stack: (sp=0x000000f3147fd840)
0x000000f3147fd840:   000002d3874589d2 0000000000000003
0x000000f3147fd850:   000000000020220d 0000000620e146f0
0x000000f3147fd860:   0000000620e180f8 000000f3147fd868
0x000000f3147fd870:   000002d393ae4241 000000000000000a
0x000000f3147fd880:   000002d39337a830 0000000000000000
0x000000f3147fd890:   0000000620e15348 000002d39337c9c8
0x000000f3147fd8a0:   0000000000000000 000000f3147fd8f8
0x000000f3147fd8b0:   000000f3147fd950 000002d387458860
0x000000f3147fd8c0:   0000000000000000 0000000000000000
0x000000f3147fd8d0:   0000000000000000 000000000000001c
0x000000f3147fd8e0:   0000000000000002 0000000000000000
0x000000f3147fd8f0:   0000000000000000 0000000620e180f8
0x000000f3147fd900:   0000000620e15760 000000f3147fd908
0x000000f3147fd910:   000002d39392ba34 0000000000000010
0x000000f3147fd920:   000002d393231078 0000000000000000
0x000000f3147fd930:   0000000620e14508 000002d393232568
0x000000f3147fd940:   000000f3147fd8f8 000000f3147fd9d0
0x000000f3147fd950:   000000f3147fda20 000002d3874589d2
0x000000f3147fd960:   0000000000000000 0000000000000000
0x000000f3147fd970:   0000000000000000 0000000000000000
0x000000f3147fd980:   0000000620e180f8 0000000000000028
0x000000f3147fd990:   0000000000000000 0000000000000000
0x000000f3147fd9a0:   0000000000000001 0000000620e15760
0x000000f3147fd9b0:   0000000000000002 0000000000000000
0x000000f3147fd9c0:   0000000000000001 0000000000000334
0x000000f3147fd9d0:   0000000620e145d0 000000f3147fd9d8
0x000000f3147fd9e0:   000002d3937f4e24 0000000000000003
0x000000f3147fd9f0:   000002d39314f5c8 0000000000000000
0x000000f3147fda00:   0000000620e0c7c0 000002d3931527d8
0x000000f3147fda10:   000000f3147fd9d0 000000f3147fda38
0x000000f3147fda20:   000000f3147fda88 000002d3874589d2
0x000000f3147fda30:   0000000000000000 0000000620e142d8 

Instructions: (pc=0x000002d38746921e)
0x000002d38746911e:   8b 6d 08 49 ba 00 00 00 93 d3 02 00 00 4d 03 ea
0x000002d38746912e:   4d 8b d5 4c 33 68 08 49 f7 c5 fc ff ff ff 74 2f
0x000002d38746913e:   41 f6 c5 02 75 29 48 83 78 08 00 74 1e 48 83 78
0x000002d38746914e:   08 01 74 17 4d 8b ea 4c 33 68 08 49 f7 c5 fc ff
0x000002d38746915e:   ff ff 74 0b 48 83 48 08 02 eb 04 4c 89 68 08 48
0x000002d38746916e:   83 c0 10 4c 8b 68 e8 41 83 ed 02 41 83 fd 02 0f
0x000002d38746917e:   8c 84 00 00 00 4c 8b 6b 08 45 0f b7 6d 2e 4c 2b
0x000002d38746918e:   28 41 83 ed 01 4e 8b 6c ec 08 4d 85 ed 75 0e f6
0x000002d38746919e:   40 08 01 75 58 f0 48 83 48 08 01 eb 50 45 8b 6d
0x000002d3874691ae:   08 49 ba 00 00 00 93 d3 02 00 00 4d 03 ea 4d 8b
0x000002d3874691be:   d5 4c 33 68 08 49 f7 c5 fc ff ff ff 74 2f 41 f6
0x000002d3874691ce:   c5 02 75 29 48 83 78 08 00 74 1e 48 83 78 08 01
0x000002d3874691de:   74 17 4d 8b ea 4c 33 68 08 49 f7 c5 fc ff ff ff
0x000002d3874691ee:   74 0b 48 83 48 08 02 eb 04 4c 89 68 08 48 83 c0
0x000002d3874691fe:   10 4c 8b 68 d8 41 83 ed 04 41 c1 e5 03 49 03 c5
0x000002d38746920e:   48 89 45 d8 4c 8d 6c 24 08 4c 89 6d f0 ff 63 50
0x000002d38746921e:   8b 41 08 49 ba 00 00 00 93 d3 02 00 00 49 03 c2
0x000002d38746922e:   4c 8b 75 d8 4d 85 f6 0f 84 95 00 00 00 49 8b 56
0x000002d38746923e:   18 48 3b d0 0f 85 0f 00 00 00 49 83 46 20 01 49
0x000002d38746924e:   83 5e 20 00 e9 71 00 00 00 48 85 d2 0f 84 42 00
0x000002d38746925e:   00 00 49 8b 56 28 48 3b d0 0f 85 0f 00 00 00 49
0x000002d38746926e:   83 46 30 01 49 83 5e 30 00 e9 4c 00 00 00 48 85
0x000002d38746927e:   d2 74 0f 49 83 46 08 01 49 83 5e 08 00 e9 38 00
0x000002d38746928e:   00 00 49 89 46 28 ba 01 00 00 00 49 89 56 30 e9
0x000002d38746929e:   26 00 00 00 49 3b 46 28 0f 85 0f 00 00 00 49 83
0x000002d3874692ae:   46 30 01 49 83 5e 30 00 e9 0d 00 00 00 49 89 46
0x000002d3874692be:   18 ba 01 00 00 00 49 89 56 20 49 83 c6 38 4c 89
0x000002d3874692ce:   75 d8 48 8b 9c d8 c8 01 00 00 48 8b 55 d8 48 85
0x000002d3874692de:   d2 0f 84 3d 01 00 00 80 7a c8 0b 0f 85 33 01 00
0x000002d3874692ee:   00 48 83 c2 08 4c 8b 6a f8 41 83 ed 00 41 83 fd
0x000002d3874692fe:   02 0f 8c 12 01 00 00 4c 8b 6b 08 45 0f b7 6d 2e
0x000002d38746930e:   4c 2b 2a 41 83 ed 01 4e 8b 6c ec 08 4d 85 ed 75 


Stack slot to memory mapping:

stack at sp + 0 slots: 0x000002d3874589d2 is at code_begin+1554 in an Interpreter codelet
return entry points  [0x000002d3874583c0, 0x000002d387458f60]  2976 bytes
stack at sp + 1 slots: 0x0000000000000003 is an unknown value
stack at sp + 2 slots: 0x000000000020220d is an unknown value
stack at sp + 3 slots: 0x0000000620e146f0 is an oop: jdk.internal.org.objectweb.asm.SymbolTable 
{0x0000000620e146f0} - klass: 'jdk/internal/org/objectweb/asm/SymbolTable'
 - ---- fields (total size 8 words):
 - private 'majorVersion' 'I' @12  65 (0x00000041)
 - private 'entryCount' 'I' @16  44 (0x0000002c)
 - private 'constantPoolCount' 'I' @20  40 (0x00000028)
 - private 'bootstrapMethodCount' 'I' @24  0 (0x00000000)
 - private 'typeCount' 'I' @28  5 (0x00000005)
 - final 'classWriter' 'Ljdk/internal/org/objectweb/asm/ClassWriter;' @32  a 'jdk/internal/org/objectweb/asm/ClassWriter'{0x0000000620e145d0} (0xc41c28ba)
 - private final 'sourceClassReader' 'Ljdk/internal/org/objectweb/asm/ClassReader;' @36  null (0x00000000)
 - private 'className' 'Ljava/lang/String;' @40  "java/lang/invoke/LambdaForm$MH"{0x0000000620e143d0} (0xc41c287a)
 - private 'entries' '[Ljdk/internal/org/objectweb/asm/SymbolTable$Entry;' @44  a 'jdk/internal/org/objectweb/asm/SymbolTable$Entry'[256] {0x0000000620e14948} (0xc41c2929)
 - private 'constantPool' 'Ljdk/internal/org/objectweb/asm/ByteVector;' @48  a 'jdk/internal/org/objectweb/asm/ByteVector'{0x0000000620e14de0} (0xc41c29bc)
 - private 'bootstrapMethods' 'Ljdk/internal/org/objectweb/asm/ByteVector;' @52  null (0x00000000)
 - private 'typeTable' '[Ljdk/internal/org/objectweb/asm/SymbolTable$Entry;' @56  a 'jdk/internal/org/objectweb/asm/SymbolTable$Entry'[16] {0x0000000620e168f8} (0xc41c2d1f)
stack at sp + 4 slots: 0x0000000620e180f8 is an oop: jdk.internal.org.objectweb.asm.ByteVector 
{0x0000000620e180f8} - klass: 'jdk/internal/org/objectweb/asm/ByteVector'
 - ---- fields (total size 3 words):
 - 'length' 'I' @12  718 (0x000002ce)
 - 'data' '[B' @16  [B{0x0000000620e18110} (0xc41c3022)
stack at sp + 5 slots: 0x000000f3147fd868 is pointing into the stack for thread: 0x000002d3ecb572a0
stack at sp + 6 slots: 0x000002d393ae4241 is pointing into metadata
stack at sp + 7 slots: 0x000000000000000a is an unknown value

invokevirtual  182 invokevirtual  [0x000002d387468f60, 0x000002d387469430]  1232 bytes
[MachCode]
  0x000002d387468f60: 4883 ec08 | c5fa 1104 | 24eb 1f48 | 83ec 10c5 | fb11 0424 | eb14 4883 | ec10 4889 | 0424 48c7 
  0x000002d387468f80: 4424 0800 | 0000 00eb | 0150 4c89 | 6dc0 410f | b755 0148 | 8b4d d0c1 | e202 8b5c | d138 c1eb 
  0x000002d387468fa0: 1881 e3ff | 0000 0081 | fbb6 0000 | 000f 84b4 | 0000 00bb | b600 0000 | e805 0000 | 00e9 9900 
  0x000002d387468fc0: 0000 488b | d348 8d44 | 2408 4c89 | 6dc0 498b | cfc5 f877 | 4989 afa8 | 0300 0049 | 8987 9803 
  0x000002d387468fe0: 0000 4883 | ec20 40f6 | c40f 0f84 | 1900 0000 | 4883 ec08 | 48b8 f029 | ae0d fe7f | 0000 ffd0 
  0x000002d387469000: 4883 c408 | e90c 0000 | 0048 b8f0 | 29ae 0dfe | 7f00 00ff | d048 83c4 | 2049 c787 | 9803 0000 
  0x000002d387469020: 0000 0000 | 49c7 87a8 | 0300 0000 | 0000 0049 | c787 a003 | 0000 0000 | 0000 c5f8 | 7749 837f 
  0x000002d387469040: 0800 0f84 | 0500 0000 | e9b3 7efe | ff4c 8b6d | c04c 8b75 | c84e 8d74 | f500 c341 | 0fb7 5501 
  0x000002d387469060: 488b 4dd0 | c1e2 0248 | 8b5c d148 | 8b54 d150 | 8bca 81e1 | ff00 0000 | 488b 4ccc | f844 8bea 
  0x000002d387469080: c1ea 1c49 | ba50 2635 | 0efe 7f00 | 0049 8b14 | d252 418b | d54c 8b6d | c08b c225 | 0000 1000 
  0x000002d3874690a0: 0f84 7801 | 0000 483b | 0148 8b45 | d848 85c0 | 0f84 1200 | 0000 4883 | 4008 0148 | 8358 0800 
  0x000002d3874690c0: 4883 c038 | 4889 45d8 | 488b 45d8 | 4885 c00f | 843d 0100 | 0080 78c8 | 0b0f 8533 | 0100 0048 
  0x000002d3874690e0: 83c0 084c | 8b68 f841 | 83ed 0041 | 83fd 020f | 8c12 0100 | 004c 8b6b | 0845 0fb7 | 6d2e 4c2b 
  0x000002d387469100: 2841 83ed | 014e 8b6c | ec08 4d85 | ed75 0ef6 | 4008 0175 | 58f0 4883 | 4808 01eb | 5045 8b6d 
  0x000002d387469120: 0849 ba00 | 0000 93d3 | 0200 004d | 03ea 4d8b | d54c 3368 | 0849 f7c5 | fcff ffff | 742f 41f6 
  0x000002d387469140: c502 7529 | 4883 7808 | 0074 1e48 | 8378 0801 | 7417 4d8b | ea4c 3368 | 0849 f7c5 | fcff ffff 
  0x000002d387469160: 740b 4883 | 4808 02eb | 044c 8968 | 0848 83c0 | 104c 8b68 | e841 83ed | 0241 83fd | 020f 8c84 
  0x000002d387469180: 0000 004c | 8b6b 0845 | 0fb7 6d2e | 4c2b 2841 | 83ed 014e | 8b6c ec08 | 4d85 ed75 | 0ef6 4008 
  0x000002d3874691a0: 0175 58f0 | 4883 4808 | 01eb 5045 | 8b6d 0849 | ba00 0000 | 93d3 0200 | 004d 03ea | 4d8b d54c 
  0x000002d3874691c0: 3368 0849 | f7c5 fcff | ffff 742f | 41f6 c502 | 7529 4883 | 7808 0074 | 1e48 8378 | 0801 7417 
  0x000002d3874691e0: 4d8b ea4c | 3368 0849 | f7c5 fcff | ffff 740b | 4883 4808 | 02eb 044c | 8968 0848 | 83c0 104c 
  0x000002d387469200: 8b68 d841 | 83ed 0441 | c1e5 0349 | 03c5 4889 | 45d8 4c8d | 6c24 084c | 896d f0ff | 6350 8b41 
  0x000002d387469220: 0849 ba00 | 0000 93d3 | 0200 0049 | 03c2 4c8b | 75d8 4d85 | f60f 8495 | 0000 0049 | 8b56 1848 
  0x000002d387469240: 3bd0 0f85 | 0f00 0000 | 4983 4620 | 0149 835e | 2000 e971 | 0000 0048 | 85d2 0f84 | 4200 0000 
  0x000002d387469260: 498b 5628 | 483b d00f | 850f 0000 | 0049 8346 | 3001 4983 | 5e30 00e9 | 4c00 0000 | 4885 d274 
  0x000002d387469280: 0f49 8346 | 0801 4983 | 5e08 00e9 | 3800 0000 | 4989 4628 | ba01 0000 | 0049 8956 | 30e9 2600 
  0x000002d3874692a0: 0000 493b | 4628 0f85 | 0f00 0000 | 4983 4630 | 0149 835e | 3000 e90d | 0000 0049 | 8946 18ba 
  0x000002d3874692c0: 0100 0000 | 4989 5620 | 4983 c638 | 4c89 75d8 | 488b 9cd8 | c801 0000 | 488b 55d8 | 4885 d20f 
  0x000002d3874692e0: 843d 0100 | 0080 7ac8 | 0b0f 8533 | 0100 0048 | 83c2 084c | 8b6a f841 | 83ed 0041 | 83fd 020f 
  0x000002d387469300: 8c12 0100 | 004c 8b6b | 0845 0fb7 | 6d2e 4c2b | 2a41 83ed | 014e 8b6c | ec08 4d85 | ed75 0ef6 
  0x000002d387469320: 4208 0175 | 58f0 4883 | 4a08 01eb | 5045 8b6d | 0849 ba00 | 0000 93d3 | 0200 004d | 03ea 4d8b 
  0x000002d387469340: d54c 336a | 0849 f7c5 | fcff ffff | 742f 41f6 | c502 7529 | 4883 7a08 | 0074 1e48 | 837a 0801 
  0x000002d387469360: 7417 4d8b | ea4c 336a | 0849 f7c5 | fcff ffff | 740b 4883 | 4a08 02eb | 044c 896a | 0848 83c2 
  0x000002d387469380: 104c 8b6a | e841 83ed | 0241 83fd | 020f 8c84 | 0000 004c | 8b6b 0845 | 0fb7 6d2e | 4c2b 2a41 
  0x000002d3874693a0: 83ed 014e | 8b6c ec08 | 4d85 ed75 | 0ef6 4208 | 0175 58f0 | 4883 4a08 | 01eb 5045 | 8b6d 0849 
  0x000002d3874693c0: ba00 0000 | 93d3 0200 | 004d 03ea | 4d8b d54c | 336a 0849 | f7c5 fcff | ffff 742f | 41f6 c502 
  0x000002d3874693e0: 7529 4883 | 7a08 0074 | 1e48 837a | 0801 7417 | 4d8b ea4c | 336a 0849 | f7c5 fcff | ffff 740b 
  0x000002d387469400: 4883 4a08 | 02eb 044c | 896a 0848 | 83c2 104c | 8b6a d841 | 83ed 0441 | c1e5 0349 | 03d5 4889 
  0x000002d387469420: 55d8 4c8d | 6c24 084c | 896d f0ff | 6350 6690 
[/MachCode]

---------------  P R O C E S S  ---------------

Threads class SMR info:
_java_thread_list=0x000002d392545380, length=10, elements={
0x000002d3ecb572a0, 0x000002d38f1f8290, 0x000002d38f1f90a0, 0x000002d38f1fa4a0,
0x000002d38f1fb4b0, 0x000002d38f1fc2c0, 0x000002d3924b20e0, 0x000002d3924bd040,
0x000002d3924c8f60, 0x000002d392585f70
}

Java Threads: ( => current thread )
=>0x000002d3ecb572a0 JavaThread "main"                              [_thread_in_Java, id=3564, stack(0x000000f314700000,0x000000f314800000) (1024K)]
  0x000002d38f1f8290 JavaThread "Reference Handler"          daemon [_thread_blocked, id=18212, stack(0x000000f314f00000,0x000000f315000000) (1024K)]
  0x000002d38f1f90a0 JavaThread "Finalizer"                  daemon [_thread_blocked, id=2012, stack(0x000000f315000000,0x000000f315100000) (1024K)]
  0x000002d38f1fa4a0 JavaThread "Signal Dispatcher"          daemon [_thread_blocked, id=14576, stack(0x000000f315100000,0x000000f315200000) (1024K)]
  0x000002d38f1fb4b0 JavaThread "Attach Listener"            daemon [_thread_blocked, id=10516, stack(0x000000f315200000,0x000000f315300000) (1024K)]
  0x000002d38f1fc2c0 JavaThread "Service Thread"             daemon [_thread_blocked, id=18264, stack(0x000000f315300000,0x000000f315400000) (1024K)]
  0x000002d3924b20e0 JavaThread "Monitor Deflation Thread"   daemon [_thread_blocked, id=5888, stack(0x000000f315400000,0x000000f315500000) (1024K)]
  0x000002d3924bd040 JavaThread "C2 CompilerThread0"         daemon [_thread_blocked, id=7284, stack(0x000000f315500000,0x000000f315600000) (1024K)]
  0x000002d3924c8f60 JavaThread "C1 CompilerThread0"         daemon [_thread_blocked, id=4744, stack(0x000000f315600000,0x000000f315700000) (1024K)]
  0x000002d392585f70 JavaThread "C1 CompilerThread1"         daemon [_thread_blocked, id=3912, stack(0x000000f315700000,0x000000f315800000) (1024K)]
Total: 10

Other Threads:
  0x000002d3ea764ab0 VMThread "VM Thread"                           [id=7600, stack(0x000000f314e00000,0x000000f314f00000) (1024K)]
  0x000002d38f1c6200 WatcherThread "VM Periodic Task Thread"        [id=19136, stack(0x000000f314d00000,0x000000f314e00000) (1024K)]
  0x000002d3ea765590 WorkerThread "GC Thread#0"                     [id=1416, stack(0x000000f314800000,0x000000f314900000) (1024K)]
  0x000002d3ecbd5ef0 ConcurrentGCThread "G1 Main Marker"            [id=14068, stack(0x000000f314900000,0x000000f314a00000) (1024K)]
  0x000002d3ea7651f0 WorkerThread "G1 Conc#0"                       [id=8484, stack(0x000000f314a00000,0x000000f314b00000) (1024K)]
  0x000002d38f1088f0 ConcurrentGCThread "G1 Refine#0"               [id=13584, stack(0x000000f314b00000,0x000000f314c00000) (1024K)]
  0x000002d38f109460 ConcurrentGCThread "G1 Service"                [id=2300, stack(0x000000f314c00000,0x000000f314d00000) (1024K)]
Total: 7

Threads with active compile tasks:
Total: 0

VM state: not at safepoint (normal execution)

VM Mutex/Monitor currently owned by a thread: None

Heap address: 0x0000000601000000, size: 8176 MB, Compressed Oops mode: Zero based, Oop shift amount: 3

CDS archive(s) mapped at: [0x000002d393000000-0x000002d393c90000-0x000002d393c90000), size 13172736, SharedBaseAddress: 0x000002d393000000, ArchiveRelocationMode: 1.
Compressed class space mapped at: 0x000002d394000000-0x000002d3d4000000, reserved size: 1073741824
Narrow klass base: 0x000002d393000000, Narrow klass shift: 0, Narrow klass range: 0x100000000

GC Precious Log:
 CardTable entry size: 512
 Card Set container configuration: InlinePtr #cards 4 size 8 Array Of Cards #cards 32 size 80 Howl #buckets 8 coarsen threshold 7372 Howl Bitmap #cards 1024 size 144 coarsen threshold 921 Card regions per heap region 1 cards per card region 8192
 CPUs: 24 total, 24 available
 Memory: 32693M
 Large Page Support: Disabled
 NUMA Support: Disabled
 Compressed Oops: Enabled (Zero based)
 Heap Region Size: 4M
 Heap Min Capacity: 8M
 Heap Initial Capacity: 512M
 Heap Max Capacity: 8176M
 Pre-touch: Disabled
 Parallel Workers: 18
 Concurrent Workers: 5
 Concurrent Refinement Workers: 18
 Periodic GC: Disabled

Heap:
 garbage-first heap   total 524288K, used 0K [0x0000000601000000, 0x0000000800000000)
  region size 4096K, 1 young (4096K), 0 survivors (0K)
 Metaspace       used 151K, committed 256K, reserved 1114112K
  class space    used 2K, committed 64K, reserved 1048576K

Heap Regions: E=young(eden), S=young(survivor), O=old, HS=humongous(starts), HC=humongous(continues), CS=collection set, F=free, TAMS=top-at-mark-start, PB=parsable bottom
|   0|0x0000000601000000, 0x0000000601000000, 0x0000000601400000|  0%| F|  |TAMS 0x0000000601000000| PB 0x0000000601000000| Untracked 
|   1|0x0000000601400000, 0x0000000601400000, 0x0000000601800000|  0%| F|  |TAMS 0x0000000601400000| PB 0x0000000601400000| Untracked 
|   2|0x0000000601800000, 0x0000000601800000, 0x0000000601c00000|  0%| F|  |TAMS 0x0000000601800000| PB 0x0000000601800000| Untracked 
|   3|0x0000000601c00000, 0x0000000601c00000, 0x0000000602000000|  0%| F|  |TAMS 0x0000000601c00000| PB 0x0000000601c00000| Untracked 
|   4|0x0000000602000000, 0x0000000602000000, 0x0000000602400000|  0%| F|  |TAMS 0x0000000602000000| PB 0x0000000602000000| Untracked 
|   5|0x0000000602400000, 0x0000000602400000, 0x0000000602800000|  0%| F|  |TAMS 0x0000000602400000| PB 0x0000000602400000| Untracked 
|   6|0x0000000602800000, 0x0000000602800000, 0x0000000602c00000|  0%| F|  |TAMS 0x0000000602800000| PB 0x0000000602800000| Untracked 
|   7|0x0000000602c00000, 0x0000000602c00000, 0x0000000603000000|  0%| F|  |TAMS 0x0000000602c00000| PB 0x0000000602c00000| Untracked 
|   8|0x0000000603000000, 0x0000000603000000, 0x0000000603400000|  0%| F|  |TAMS 0x0000000603000000| PB 0x0000000603000000| Untracked 
|   9|0x0000000603400000, 0x0000000603400000, 0x0000000603800000|  0%| F|  |TAMS 0x0000000603400000| PB 0x0000000603400000| Untracked 
|  10|0x0000000603800000, 0x0000000603800000, 0x0000000603c00000|  0%| F|  |TAMS 0x0000000603800000| PB 0x0000000603800000| Untracked 
|  11|0x0000000603c00000, 0x0000000603c00000, 0x0000000604000000|  0%| F|  |TAMS 0x0000000603c00000| PB 0x0000000603c00000| Untracked 
|  12|0x0000000604000000, 0x0000000604000000, 0x0000000604400000|  0%| F|  |TAMS 0x0000000604000000| PB 0x0000000604000000| Untracked 
|  13|0x0000000604400000, 0x0000000604400000, 0x0000000604800000|  0%| F|  |TAMS 0x0000000604400000| PB 0x0000000604400000| Untracked 
|  14|0x0000000604800000, 0x0000000604800000, 0x0000000604c00000|  0%| F|  |TAMS 0x0000000604800000| PB 0x0000000604800000| Untracked 
|  15|0x0000000604c00000, 0x0000000604c00000, 0x0000000605000000|  0%| F|  |TAMS 0x0000000604c00000| PB 0x0000000604c00000| Untracked 
|  16|0x0000000605000000, 0x0000000605000000, 0x0000000605400000|  0%| F|  |TAMS 0x0000000605000000| PB 0x0000000605000000| Untracked 
|  17|0x0000000605400000, 0x0000000605400000, 0x0000000605800000|  0%| F|  |TAMS 0x0000000605400000| PB 0x0000000605400000| Untracked 
|  18|0x0000000605800000, 0x0000000605800000, 0x0000000605c00000|  0%| F|  |TAMS 0x0000000605800000| PB 0x0000000605800000| Untracked 
|  19|0x0000000605c00000, 0x0000000605c00000, 0x0000000606000000|  0%| F|  |TAMS 0x0000000605c00000| PB 0x0000000605c00000| Untracked 
|  20|0x0000000606000000, 0x0000000606000000, 0x0000000606400000|  0%| F|  |TAMS 0x0000000606000000| PB 0x0000000606000000| Untracked 
|  21|0x0000000606400000, 0x0000000606400000, 0x0000000606800000|  0%| F|  |TAMS 0x0000000606400000| PB 0x0000000606400000| Untracked 
|  22|0x0000000606800000, 0x0000000606800000, 0x0000000606c00000|  0%| F|  |TAMS 0x0000000606800000| PB 0x0000000606800000| Untracked 
|  23|0x0000000606c00000, 0x0000000606c00000, 0x0000000607000000|  0%| F|  |TAMS 0x0000000606c00000| PB 0x0000000606c00000| Untracked 
|  24|0x0000000607000000, 0x0000000607000000, 0x0000000607400000|  0%| F|  |TAMS 0x0000000607000000| PB 0x0000000607000000| Untracked 
|  25|0x0000000607400000, 0x0000000607400000, 0x0000000607800000|  0%| F|  |TAMS 0x0000000607400000| PB 0x0000000607400000| Untracked 
|  26|0x0000000607800000, 0x0000000607800000, 0x0000000607c00000|  0%| F|  |TAMS 0x0000000607800000| PB 0x0000000607800000| Untracked 
|  27|0x0000000607c00000, 0x0000000607c00000, 0x0000000608000000|  0%| F|  |TAMS 0x0000000607c00000| PB 0x0000000607c00000| Untracked 
|  28|0x0000000608000000, 0x0000000608000000, 0x0000000608400000|  0%| F|  |TAMS 0x0000000608000000| PB 0x0000000608000000| Untracked 
|  29|0x0000000608400000, 0x0000000608400000, 0x0000000608800000|  0%| F|  |TAMS 0x0000000608400000| PB 0x0000000608400000| Untracked 
|  30|0x0000000608800000, 0x0000000608800000, 0x0000000608c00000|  0%| F|  |TAMS 0x0000000608800000| PB 0x0000000608800000| Untracked 
|  31|0x0000000608c00000, 0x0000000608c00000, 0x0000000609000000|  0%| F|  |TAMS 0x0000000608c00000| PB 0x0000000608c00000| Untracked 
|  32|0x0000000609000000, 0x0000000609000000, 0x0000000609400000|  0%| F|  |TAMS 0x0000000609000000| PB 0x0000000609000000| Untracked 
|  33|0x0000000609400000, 0x0000000609400000, 0x0000000609800000|  0%| F|  |TAMS 0x0000000609400000| PB 0x0000000609400000| Untracked 
|  34|0x0000000609800000, 0x0000000609800000, 0x0000000609c00000|  0%| F|  |TAMS 0x0000000609800000| PB 0x0000000609800000| Untracked 
|  35|0x0000000609c00000, 0x0000000609c00000, 0x000000060a000000|  0%| F|  |TAMS 0x0000000609c00000| PB 0x0000000609c00000| Untracked 
|  36|0x000000060a000000, 0x000000060a000000, 0x000000060a400000|  0%| F|  |TAMS 0x000000060a000000| PB 0x000000060a000000| Untracked 
|  37|0x000000060a400000, 0x000000060a400000, 0x000000060a800000|  0%| F|  |TAMS 0x000000060a400000| PB 0x000000060a400000| Untracked 
|  38|0x000000060a800000, 0x000000060a800000, 0x000000060ac00000|  0%| F|  |TAMS 0x000000060a800000| PB 0x000000060a800000| Untracked 
|  39|0x000000060ac00000, 0x000000060ac00000, 0x000000060b000000|  0%| F|  |TAMS 0x000000060ac00000| PB 0x000000060ac00000| Untracked 
|  40|0x000000060b000000, 0x000000060b000000, 0x000000060b400000|  0%| F|  |TAMS 0x000000060b000000| PB 0x000000060b000000| Untracked 
|  41|0x000000060b400000, 0x000000060b400000, 0x000000060b800000|  0%| F|  |TAMS 0x000000060b400000| PB 0x000000060b400000| Untracked 
|  42|0x000000060b800000, 0x000000060b800000, 0x000000060bc00000|  0%| F|  |TAMS 0x000000060b800000| PB 0x000000060b800000| Untracked 
|  43|0x000000060bc00000, 0x000000060bc00000, 0x000000060c000000|  0%| F|  |TAMS 0x000000060bc00000| PB 0x000000060bc00000| Untracked 
|  44|0x000000060c000000, 0x000000060c000000, 0x000000060c400000|  0%| F|  |TAMS 0x000000060c000000| PB 0x000000060c000000| Untracked 
|  45|0x000000060c400000, 0x000000060c400000, 0x000000060c800000|  0%| F|  |TAMS 0x000000060c400000| PB 0x000000060c400000| Untracked 
|  46|0x000000060c800000, 0x000000060c800000, 0x000000060cc00000|  0%| F|  |TAMS 0x000000060c800000| PB 0x000000060c800000| Untracked 
|  47|0x000000060cc00000, 0x000000060cc00000, 0x000000060d000000|  0%| F|  |TAMS 0x000000060cc00000| PB 0x000000060cc00000| Untracked 
|  48|0x000000060d000000, 0x000000060d000000, 0x000000060d400000|  0%| F|  |TAMS 0x000000060d000000| PB 0x000000060d000000| Untracked 
|  49|0x000000060d400000, 0x000000060d400000, 0x000000060d800000|  0%| F|  |TAMS 0x000000060d400000| PB 0x000000060d400000| Untracked 
|  50|0x000000060d800000, 0x000000060d800000, 0x000000060dc00000|  0%| F|  |TAMS 0x000000060d800000| PB 0x000000060d800000| Untracked 
|  51|0x000000060dc00000, 0x000000060dc00000, 0x000000060e000000|  0%| F|  |TAMS 0x000000060dc00000| PB 0x000000060dc00000| Untracked 
|  52|0x000000060e000000, 0x000000060e000000, 0x000000060e400000|  0%| F|  |TAMS 0x000000060e000000| PB 0x000000060e000000| Untracked 
|  53|0x000000060e400000, 0x000000060e400000, 0x000000060e800000|  0%| F|  |TAMS 0x000000060e400000| PB 0x000000060e400000| Untracked 
|  54|0x000000060e800000, 0x000000060e800000, 0x000000060ec00000|  0%| F|  |TAMS 0x000000060e800000| PB 0x000000060e800000| Untracked 
|  55|0x000000060ec00000, 0x000000060ec00000, 0x000000060f000000|  0%| F|  |TAMS 0x000000060ec00000| PB 0x000000060ec00000| Untracked 
|  56|0x000000060f000000, 0x000000060f000000, 0x000000060f400000|  0%| F|  |TAMS 0x000000060f000000| PB 0x000000060f000000| Untracked 
|  57|0x000000060f400000, 0x000000060f400000, 0x000000060f800000|  0%| F|  |TAMS 0x000000060f400000| PB 0x000000060f400000| Untracked 
|  58|0x000000060f800000, 0x000000060f800000, 0x000000060fc00000|  0%| F|  |TAMS 0x000000060f800000| PB 0x000000060f800000| Untracked 
|  59|0x000000060fc00000, 0x000000060fc00000, 0x0000000610000000|  0%| F|  |TAMS 0x000000060fc00000| PB 0x000000060fc00000| Untracked 
|  60|0x0000000610000000, 0x0000000610000000, 0x0000000610400000|  0%| F|  |TAMS 0x0000000610000000| PB 0x0000000610000000| Untracked 
|  61|0x0000000610400000, 0x0000000610400000, 0x0000000610800000|  0%| F|  |TAMS 0x0000000610400000| PB 0x0000000610400000| Untracked 
|  62|0x0000000610800000, 0x0000000610800000, 0x0000000610c00000|  0%| F|  |TAMS 0x0000000610800000| PB 0x0000000610800000| Untracked 
|  63|0x0000000610c00000, 0x0000000610c00000, 0x0000000611000000|  0%| F|  |TAMS 0x0000000610c00000| PB 0x0000000610c00000| Untracked 
|  64|0x0000000611000000, 0x0000000611000000, 0x0000000611400000|  0%| F|  |TAMS 0x0000000611000000| PB 0x0000000611000000| Untracked 
|  65|0x0000000611400000, 0x0000000611400000, 0x0000000611800000|  0%| F|  |TAMS 0x0000000611400000| PB 0x0000000611400000| Untracked 
|  66|0x0000000611800000, 0x0000000611800000, 0x0000000611c00000|  0%| F|  |TAMS 0x0000000611800000| PB 0x0000000611800000| Untracked 
|  67|0x0000000611c00000, 0x0000000611c00000, 0x0000000612000000|  0%| F|  |TAMS 0x0000000611c00000| PB 0x0000000611c00000| Untracked 
|  68|0x0000000612000000, 0x0000000612000000, 0x0000000612400000|  0%| F|  |TAMS 0x0000000612000000| PB 0x0000000612000000| Untracked 
|  69|0x0000000612400000, 0x0000000612400000, 0x0000000612800000|  0%| F|  |TAMS 0x0000000612400000| PB 0x0000000612400000| Untracked 
|  70|0x0000000612800000, 0x0000000612800000, 0x0000000612c00000|  0%| F|  |TAMS 0x0000000612800000| PB 0x0000000612800000| Untracked 
|  71|0x0000000612c00000, 0x0000000612c00000, 0x0000000613000000|  0%| F|  |TAMS 0x0000000612c00000| PB 0x0000000612c00000| Untracked 
|  72|0x0000000613000000, 0x0000000613000000, 0x0000000613400000|  0%| F|  |TAMS 0x0000000613000000| PB 0x0000000613000000| Untracked 
|  73|0x0000000613400000, 0x0000000613400000, 0x0000000613800000|  0%| F|  |TAMS 0x0000000613400000| PB 0x0000000613400000| Untracked 
|  74|0x0000000613800000, 0x0000000613800000, 0x0000000613c00000|  0%| F|  |TAMS 0x0000000613800000| PB 0x0000000613800000| Untracked 
|  75|0x0000000613c00000, 0x0000000613c00000, 0x0000000614000000|  0%| F|  |TAMS 0x0000000613c00000| PB 0x0000000613c00000| Untracked 
|  76|0x0000000614000000, 0x0000000614000000, 0x0000000614400000|  0%| F|  |TAMS 0x0000000614000000| PB 0x0000000614000000| Untracked 
|  77|0x0000000614400000, 0x0000000614400000, 0x0000000614800000|  0%| F|  |TAMS 0x0000000614400000| PB 0x0000000614400000| Untracked 
|  78|0x0000000614800000, 0x0000000614800000, 0x0000000614c00000|  0%| F|  |TAMS 0x0000000614800000| PB 0x0000000614800000| Untracked 
|  79|0x0000000614c00000, 0x0000000614c00000, 0x0000000615000000|  0%| F|  |TAMS 0x0000000614c00000| PB 0x0000000614c00000| Untracked 
|  80|0x0000000615000000, 0x0000000615000000, 0x0000000615400000|  0%| F|  |TAMS 0x0000000615000000| PB 0x0000000615000000| Untracked 
|  81|0x0000000615400000, 0x0000000615400000, 0x0000000615800000|  0%| F|  |TAMS 0x0000000615400000| PB 0x0000000615400000| Untracked 
|  82|0x0000000615800000, 0x0000000615800000, 0x0000000615c00000|  0%| F|  |TAMS 0x0000000615800000| PB 0x0000000615800000| Untracked 
|  83|0x0000000615c00000, 0x0000000615c00000, 0x0000000616000000|  0%| F|  |TAMS 0x0000000615c00000| PB 0x0000000615c00000| Untracked 
|  84|0x0000000616000000, 0x0000000616000000, 0x0000000616400000|  0%| F|  |TAMS 0x0000000616000000| PB 0x0000000616000000| Untracked 
|  85|0x0000000616400000, 0x0000000616400000, 0x0000000616800000|  0%| F|  |TAMS 0x0000000616400000| PB 0x0000000616400000| Untracked 
|  86|0x0000000616800000, 0x0000000616800000, 0x0000000616c00000|  0%| F|  |TAMS 0x0000000616800000| PB 0x0000000616800000| Untracked 
|  87|0x0000000616c00000, 0x0000000616c00000, 0x0000000617000000|  0%| F|  |TAMS 0x0000000616c00000| PB 0x0000000616c00000| Untracked 
|  88|0x0000000617000000, 0x0000000617000000, 0x0000000617400000|  0%| F|  |TAMS 0x0000000617000000| PB 0x0000000617000000| Untracked 
|  89|0x0000000617400000, 0x0000000617400000, 0x0000000617800000|  0%| F|  |TAMS 0x0000000617400000| PB 0x0000000617400000| Untracked 
|  90|0x0000000617800000, 0x0000000617800000, 0x0000000617c00000|  0%| F|  |TAMS 0x0000000617800000| PB 0x0000000617800000| Untracked 
|  91|0x0000000617c00000, 0x0000000617c00000, 0x0000000618000000|  0%| F|  |TAMS 0x0000000617c00000| PB 0x0000000617c00000| Untracked 
|  92|0x0000000618000000, 0x0000000618000000, 0x0000000618400000|  0%| F|  |TAMS 0x0000000618000000| PB 0x0000000618000000| Untracked 
|  93|0x0000000618400000, 0x0000000618400000, 0x0000000618800000|  0%| F|  |TAMS 0x0000000618400000| PB 0x0000000618400000| Untracked 
|  94|0x0000000618800000, 0x0000000618800000, 0x0000000618c00000|  0%| F|  |TAMS 0x0000000618800000| PB 0x0000000618800000| Untracked 
|  95|0x0000000618c00000, 0x0000000618c00000, 0x0000000619000000|  0%| F|  |TAMS 0x0000000618c00000| PB 0x0000000618c00000| Untracked 
|  96|0x0000000619000000, 0x0000000619000000, 0x0000000619400000|  0%| F|  |TAMS 0x0000000619000000| PB 0x0000000619000000| Untracked 
|  97|0x0000000619400000, 0x0000000619400000, 0x0000000619800000|  0%| F|  |TAMS 0x0000000619400000| PB 0x0000000619400000| Untracked 
|  98|0x0000000619800000, 0x0000000619800000, 0x0000000619c00000|  0%| F|  |TAMS 0x0000000619800000| PB 0x0000000619800000| Untracked 
|  99|0x0000000619c00000, 0x0000000619c00000, 0x000000061a000000|  0%| F|  |TAMS 0x0000000619c00000| PB 0x0000000619c00000| Untracked 
| 100|0x000000061a000000, 0x000000061a000000, 0x000000061a400000|  0%| F|  |TAMS 0x000000061a000000| PB 0x000000061a000000| Untracked 
| 101|0x000000061a400000, 0x000000061a400000, 0x000000061a800000|  0%| F|  |TAMS 0x000000061a400000| PB 0x000000061a400000| Untracked 
| 102|0x000000061a800000, 0x000000061a800000, 0x000000061ac00000|  0%| F|  |TAMS 0x000000061a800000| PB 0x000000061a800000| Untracked 
| 103|0x000000061ac00000, 0x000000061ac00000, 0x000000061b000000|  0%| F|  |TAMS 0x000000061ac00000| PB 0x000000061ac00000| Untracked 
| 104|0x000000061b000000, 0x000000061b000000, 0x000000061b400000|  0%| F|  |TAMS 0x000000061b000000| PB 0x000000061b000000| Untracked 
| 105|0x000000061b400000, 0x000000061b400000, 0x000000061b800000|  0%| F|  |TAMS 0x000000061b400000| PB 0x000000061b400000| Untracked 
| 106|0x000000061b800000, 0x000000061b800000, 0x000000061bc00000|  0%| F|  |TAMS 0x000000061b800000| PB 0x000000061b800000| Untracked 
| 107|0x000000061bc00000, 0x000000061bc00000, 0x000000061c000000|  0%| F|  |TAMS 0x000000061bc00000| PB 0x000000061bc00000| Untracked 
| 108|0x000000061c000000, 0x000000061c000000, 0x000000061c400000|  0%| F|  |TAMS 0x000000061c000000| PB 0x000000061c000000| Untracked 
| 109|0x000000061c400000, 0x000000061c400000, 0x000000061c800000|  0%| F|  |TAMS 0x000000061c400000| PB 0x000000061c400000| Untracked 
| 110|0x000000061c800000, 0x000000061c800000, 0x000000061cc00000|  0%| F|  |TAMS 0x000000061c800000| PB 0x000000061c800000| Untracked 
| 111|0x000000061cc00000, 0x000000061cc00000, 0x000000061d000000|  0%| F|  |TAMS 0x000000061cc00000| PB 0x000000061cc00000| Untracked 
| 112|0x000000061d000000, 0x000000061d000000, 0x000000061d400000|  0%| F|  |TAMS 0x000000061d000000| PB 0x000000061d000000| Untracked 
| 113|0x000000061d400000, 0x000000061d400000, 0x000000061d800000|  0%| F|  |TAMS 0x000000061d400000| PB 0x000000061d400000| Untracked 
| 114|0x000000061d800000, 0x000000061d800000, 0x000000061dc00000|  0%| F|  |TAMS 0x000000061d800000| PB 0x000000061d800000| Untracked 
| 115|0x000000061dc00000, 0x000000061dc00000, 0x000000061e000000|  0%| F|  |TAMS 0x000000061dc00000| PB 0x000000061dc00000| Untracked 
| 116|0x000000061e000000, 0x000000061e000000, 0x000000061e400000|  0%| F|  |TAMS 0x000000061e000000| PB 0x000000061e000000| Untracked 
| 117|0x000000061e400000, 0x000000061e400000, 0x000000061e800000|  0%| F|  |TAMS 0x000000061e400000| PB 0x000000061e400000| Untracked 
| 118|0x000000061e800000, 0x000000061e800000, 0x000000061ec00000|  0%| F|  |TAMS 0x000000061e800000| PB 0x000000061e800000| Untracked 
| 119|0x000000061ec00000, 0x000000061ec00000, 0x000000061f000000|  0%| F|  |TAMS 0x000000061ec00000| PB 0x000000061ec00000| Untracked 
| 120|0x000000061f000000, 0x000000061f000000, 0x000000061f400000|  0%| F|  |TAMS 0x000000061f000000| PB 0x000000061f000000| Untracked 
| 121|0x000000061f400000, 0x000000061f400000, 0x000000061f800000|  0%| F|  |TAMS 0x000000061f400000| PB 0x000000061f400000| Untracked 
| 122|0x000000061f800000, 0x000000061f800000, 0x000000061fc00000|  0%| F|  |TAMS 0x000000061f800000| PB 0x000000061f800000| Untracked 
| 123|0x000000061fc00000, 0x000000061fc00000, 0x0000000620000000|  0%| F|  |TAMS 0x000000061fc00000| PB 0x000000061fc00000| Untracked 
| 124|0x0000000620000000, 0x0000000620000000, 0x0000000620400000|  0%| F|  |TAMS 0x0000000620000000| PB 0x0000000620000000| Untracked 
| 125|0x0000000620400000, 0x0000000620400000, 0x0000000620800000|  0%| F|  |TAMS 0x0000000620400000| PB 0x0000000620400000| Untracked 
| 126|0x0000000620800000, 0x0000000620800000, 0x0000000620c00000|  0%| F|  |TAMS 0x0000000620800000| PB 0x0000000620800000| Untracked 
| 127|0x0000000620c00000, 0x0000000620ee1658, 0x0000000621000000| 72%| E|  |TAMS 0x0000000620c00000| PB 0x0000000620c00000| Complete 

Card table byte_map: [0x000002d3f6d90000,0x000002d3f7d90000] _byte_map_base: 0x000002d3f3d88000

Marking Bits: (CMBitMap*) 0x000002d3ecbc5440
 Bits: [0x000002d3f7d90000, 0x000002d3ffd50000)

Polling page: 0x000002d3eaaf0000

Metaspace:

Usage:
  Non-class:    149.69 KB used.
      Class:      2.05 KB used.
       Both:    151.73 KB used.

Virtual space:
  Non-class space:       64.00 MB reserved,     192.00 KB ( <1%) committed,  1 nodes.
      Class space:        1.00 GB reserved,      64.00 KB ( <1%) committed,  1 nodes.
             Both:        1.06 GB reserved,     256.00 KB ( <1%) committed. 

Chunk freelists:
   Non-Class:  12.00 MB
       Class:  15.75 MB
        Both:  27.75 MB

MaxMetaspaceSize: unlimited
CompressedClassSpaceSize: 1.00 GB
Initial GC threshold: 21.00 MB
Current GC threshold: 21.00 MB
CDS: on
 - commit_granule_bytes: 65536.
 - commit_granule_words: 8192.
 - virtual_space_node_default_size: 8388608.
 - enlarge_chunks_in_place: 1.
 - use_allocation_guard: 0.


Internal statistics:

num_allocs_failed_limit: 0.
num_arena_births: 2.
num_arena_deaths: 0.
num_vsnodes_births: 2.
num_vsnodes_deaths: 0.
num_space_committed: 4.
num_space_uncommitted: 0.
num_chunks_returned_to_freelist: 0.
num_chunks_taken_from_freelist: 3.
num_chunk_merges: 0.
num_chunk_splits: 2.
num_chunks_enlarged: 0.
num_inconsistent_stats: 0.

CodeHeap 'non-profiled nmethods': size=119168Kb used=17Kb max_used=17Kb free=119150Kb
 bounds [0x000002d387ba0000, 0x000002d387e10000, 0x000002d38f000000]
CodeHeap 'profiled nmethods': size=119104Kb used=101Kb max_used=101Kb free=119002Kb
 bounds [0x000002d380000000, 0x000002d380270000, 0x000002d387450000]
CodeHeap 'non-nmethods': size=7488Kb used=1798Kb max_used=1798Kb free=5689Kb
 bounds [0x000002d387450000, 0x000002d3876c0000, 0x000002d387ba0000]
 total_blobs=436 nmethods=76 adapters=264
 compilation: enabled
              stopped_count=0, restarted_count=0
 full_count=0

Compilation events (20 events):
Event: 0.064 Thread 0x000002d3924c8f60   58       3       java.util.concurrent.ConcurrentHashMap::spread (10 bytes)
Event: 0.064 Thread 0x000002d3924c8f60 nmethod 58 0x000002d380012e10 code [0x000002d380012fa0, 0x000002d380013098]
Event: 0.064 Thread 0x000002d3924c8f60   63       3       java.util.ImmutableCollections$SetN$SetNIterator::next (90 bytes)
Event: 0.064 Thread 0x000002d3924c8f60 nmethod 63 0x000002d380013110 code [0x000002d3800132e0, 0x000002d3800135f8]
Event: 0.064 Thread 0x000002d3924c8f60   60       3       java.util.concurrent.ConcurrentHashMap::addCount (280 bytes)
Event: 0.065 Thread 0x000002d3924c8f60 nmethod 60 0x000002d380013790 code [0x000002d3800139e0, 0x000002d380014330]
Event: 0.065 Thread 0x000002d3924c8f60   62       3       java.util.concurrent.ConcurrentHashMap$Node::<init> (20 bytes)
Event: 0.065 Thread 0x000002d392585f70 nmethod 61 0x000002d380014610 code [0x000002d3800149a0, 0x000002d380016500]
Event: 0.065 Thread 0x000002d3924c8f60 nmethod 62 0x000002d380016e90 code [0x000002d380017040, 0x000002d380017278]
Event: 0.067 Thread 0x000002d3924c8f60   68       3       java.lang.AbstractStringBuilder::ensureCapacityInternal (39 bytes)
Event: 0.067 Thread 0x000002d3924c8f60 nmethod 68 0x000002d380017310 code [0x000002d3800174e0, 0x000002d380017720]
Event: 0.068 Thread 0x000002d3924c8f60   72       1       java.lang.AbstractStringBuilder::getValue (5 bytes)
Event: 0.068 Thread 0x000002d392585f70   73       1       java.lang.AbstractStringBuilder::length (5 bytes)
Event: 0.068 Thread 0x000002d3924c8f60 nmethod 72 0x000002d387ba4190 code [0x000002d387ba4320, 0x000002d387ba43f0]
Event: 0.068 Thread 0x000002d392585f70 nmethod 73 0x000002d387ba4490 code [0x000002d387ba4620, 0x000002d387ba46e8]
Event: 0.068 Thread 0x000002d3924c8f60   74       3       java.lang.AbstractStringBuilder::putStringAt (19 bytes)
Event: 0.068 Thread 0x000002d392585f70   75       3       java.lang.AbstractStringBuilder::inflateIfNeededFor (22 bytes)
Event: 0.068 Thread 0x000002d392585f70 nmethod 75 0x000002d380017810 code [0x000002d3800179c0, 0x000002d380017bd8]
Event: 0.068 Thread 0x000002d3924c8f60 nmethod 74 0x000002d380017d10 code [0x000002d380017ee0, 0x000002d3800181c0]
Event: 0.068 Thread 0x000002d3924c8f60   76       3       java.util.Arrays::copyOfRange (25 bytes)

GC Heap History (0 events):
No events

Dll operation events (2 events):
Event: 0.005 Loaded shared library C:\Program Files\Java\jdk-21\bin\java.dll
Event: 0.024 Loaded shared library C:\Program Files\Java\jdk-21\bin\jsvml.dll

Deoptimization events (0 events):
No events

Classes loaded (2 events):
Event: 0.022 Loading class sun/nio/cs/UTF_8$Encoder
Event: 0.022 Loading class sun/nio/cs/UTF_8$Encoder done

Classes unloaded (0 events):
No events

Classes redefined (0 events):
No events

Internal exceptions (0 events):
No events

ZGC Phase Switch (0 events):
No events

VM Operations (0 events):
No events

Events (10 events):
Event: 0.015 Thread 0x000002d3ecb572a0 Thread added: 0x000002d3ecb572a0
Event: 0.023 Thread 0x000002d38f1f8290 Thread added: 0x000002d38f1f8290
Event: 0.023 Thread 0x000002d38f1f90a0 Thread added: 0x000002d38f1f90a0
Event: 0.023 Thread 0x000002d38f1fa4a0 Thread added: 0x000002d38f1fa4a0
Event: 0.023 Thread 0x000002d38f1fb4b0 Thread added: 0x000002d38f1fb4b0
Event: 0.023 Thread 0x000002d38f1fc2c0 Thread added: 0x000002d38f1fc2c0
Event: 0.023 Thread 0x000002d3924b20e0 Thread added: 0x000002d3924b20e0
Event: 0.023 Thread 0x000002d3924bd040 Thread added: 0x000002d3924bd040
Event: 0.023 Thread 0x000002d3924c8f60 Thread added: 0x000002d3924c8f60
Event: 0.027 Thread 0x000002d392585f70 Thread added: 0x000002d392585f70


Dynamic libraries:
0x00007ff6408c0000 - 0x00007ff6408d0000 	C:\Program Files\Java\jdk-21\bin\java.exe
0x00007ffe7cdb0000 - 0x00007ffe7cfc7000 	C:\WINDOWS\SYSTEM32\ntdll.dll
0x00007ffe7c200000 - 0x00007ffe7c2c4000 	C:\WINDOWS\System32\KERNEL32.DLL
0x00007ffe7a340000 - 0x00007ffe7a6ed000 	C:\WINDOWS\System32\KERNELBASE.dll
0x00007ffe7a1f0000 - 0x00007ffe7a301000 	C:\WINDOWS\System32\ucrtbase.dll
0x00007ffe0e4c0000 - 0x00007ffe0e4d9000 	C:\Program Files\Java\jdk-21\bin\jli.dll
0x00007ffe0e4e0000 - 0x00007ffe0e4fb000 	C:\Program Files\Java\jdk-21\bin\VCRUNTIME140.dll
0x00007ffe7b7a0000 - 0x00007ffe7b852000 	C:\WINDOWS\System32\ADVAPI32.dll
0x00007ffe7ca80000 - 0x00007ffe7cb27000 	C:\WINDOWS\System32\msvcrt.dll
0x00007ffe7c150000 - 0x00007ffe7c1f9000 	C:\WINDOWS\System32\sechost.dll
0x00007ffe7a310000 - 0x00007ffe7a338000 	C:\WINDOWS\System32\bcrypt.dll
0x00007ffe7ab80000 - 0x00007ffe7ac94000 	C:\WINDOWS\System32\RPCRT4.dll
0x00007ffe7b590000 - 0x00007ffe7b73e000 	C:\WINDOWS\System32\USER32.dll
0x00007ffe79320000 - 0x00007ffe795b3000 	C:\WINDOWS\WinSxS\amd64_microsoft.windows.common-controls_6595b64144ccf1df_6.0.22621.3672_none_2713b9d173822955\COMCTL32.dll
0x00007ffe7a920000 - 0x00007ffe7a946000 	C:\WINDOWS\System32\win32u.dll
0x00007ffe7b070000 - 0x00007ffe7b099000 	C:\WINDOWS\System32\GDI32.dll
0x00007ffe7a950000 - 0x00007ffe7aa69000 	C:\WINDOWS\System32\gdi32full.dll
0x00007ffe7a0e0000 - 0x00007ffe7a17a000 	C:\WINDOWS\System32\msvcp_win.dll
0x00007ffe73290000 - 0x00007ffe7329a000 	C:\WINDOWS\SYSTEM32\VERSION.dll
0x00007ffe7b030000 - 0x00007ffe7b061000 	C:\WINDOWS\System32\IMM32.DLL
0x00007ffe0e4b0000 - 0x00007ffe0e4bc000 	C:\Program Files\Java\jdk-21\bin\vcruntime140_1.dll
0x00007ffe0e420000 - 0x00007ffe0e4ae000 	C:\Program Files\Java\jdk-21\bin\msvcp140.dll
0x00007ffe0d710000 - 0x00007ffe0e41d000 	C:\Program Files\Java\jdk-21\bin\server\jvm.dll
0x00007ffe799e0000 - 0x00007ffe79a2d000 	C:\WINDOWS\SYSTEM32\POWRPROF.dll
0x00007ffe7c0d0000 - 0x00007ffe7c141000 	C:\WINDOWS\System32\WS2_32.dll
0x00007ffe6d050000 - 0x00007ffe6d084000 	C:\WINDOWS\SYSTEM32\WINMM.dll
0x00007ffe796f0000 - 0x00007ffe79703000 	C:\WINDOWS\SYSTEM32\UMPDC.dll
0x00007ffe78880000 - 0x00007ffe78898000 	C:\WINDOWS\SYSTEM32\kernel.appcore.dll
0x00007ffe0d700000 - 0x00007ffe0d70a000 	C:\Program Files\Java\jdk-21\bin\jimage.dll
0x00007ffe79a30000 - 0x00007ffe79c62000 	C:\WINDOWS\SYSTEM32\DBGHELP.DLL
0x00007ffe7aca0000 - 0x00007ffe7b028000 	C:\WINDOWS\System32\combase.dll
0x00007ffe7b0a0000 - 0x00007ffe7b177000 	C:\WINDOWS\System32\OLEAUT32.dll
0x00007ffe798d0000 - 0x00007ffe79902000 	C:\WINDOWS\SYSTEM32\dbgcore.DLL
0x00007ffe7aa70000 - 0x00007ffe7aaeb000 	C:\WINDOWS\System32\bcryptPrimitives.dll
0x00007ffe73930000 - 0x00007ffe7393f000 	C:\Program Files\Java\jdk-21\bin\instrument.dll
0x00007ffe0d6e0000 - 0x00007ffe0d6ff000 	C:\Program Files\Java\jdk-21\bin\java.dll
0x00007ffe7b860000 - 0x00007ffe7c0bf000 	C:\WINDOWS\System32\SHELL32.dll
0x00007ffe775b0000 - 0x00007ffe77eac000 	C:\WINDOWS\SYSTEM32\windows.storage.dll
0x00007ffe77470000 - 0x00007ffe775af000 	C:\WINDOWS\SYSTEM32\wintypes.dll
0x00007ffe7cc10000 - 0x00007ffe7cd04000 	C:\WINDOWS\System32\SHCORE.dll
0x00007ffe7c2d0000 - 0x00007ffe7c32e000 	C:\WINDOWS\System32\shlwapi.dll
0x00007ffe7a010000 - 0x00007ffe7a031000 	C:\WINDOWS\SYSTEM32\profapi.dll
0x00007ffe0d600000 - 0x00007ffe0d6d7000 	C:\Program Files\Java\jdk-21\bin\jsvml.dll

dbghelp: loaded successfully - version: 4.0.5 - missing functions: none
symbol engine: initialized successfully - sym options: 0x614 - pdb path: .;C:\Program Files\Java\jdk-21\bin;C:\WINDOWS\SYSTEM32;C:\WINDOWS\WinSxS\amd64_microsoft.windows.common-controls_6595b64144ccf1df_6.0.22621.3672_none_2713b9d173822955;C:\Program Files\Java\jdk-21\bin\server

VM Arguments:
jvm_args: -ea -Didea.test.cyclic.buffer.size=1048576 -javaagent:C:\Program Files\JetBrains\IntelliJ IDEA Community Edition 2023.3\lib\idea_rt.jar=50906:C:\Program Files\JetBrains\IntelliJ IDEA Community Edition 2023.3\bin -Dfile.encoding=UTF-8 -Dsun.stdout.encoding=UTF-8 -Dsun.stderr.encoding=UTF-8 
java_command: com.intellij.rt.junit.JUnitStarter -ideVersion5 -junit5 org.example.tech.JUnit.service.SWAPIServiceTest
java_class_path (initial): C:\Users\PC\.m2\repository\org\junit\platform\junit-platform-launcher\1.10.2\junit-platform-launcher-1.10.2.jar;C:\Users\PC\.m2\repository\org\junit\platform\junit-platform-engine\1.10.2\junit-platform-engine-1.10.2.jar;C:\Program Files\JetBrains\IntelliJ IDEA Community Edition 2023.3\lib\idea_rt.jar;C:\Program Files\JetBrains\IntelliJ IDEA Community Edition 2023.3\plugins\junit\lib\junit5-rt.jar;C:\Program Files\JetBrains\IntelliJ IDEA Community Edition 2023.3\plugins\junit\lib\junit-rt.jar;C:\sw\Github-repositories\starwars-tech\target\test-classes;C:\sw\Github-repositories\starwars-tech\target\classes;C:\Users\PC\.m2\repository\org\springframework\boot\spring-boot-starter-web\3.2.0\spring-boot-starter-web-3.2.0.jar;C:\Users\PC\.m2\repository\org\springframework\boot\spring-boot-starter\3.2.0\spring-boot-starter-3.2.0.jar;C:\Users\PC\.m2\repository\org\springframework\boot\spring-boot\3.2.0\spring-boot-3.2.0.jar;C:\Users\PC\.m2\repository\org\springframework\boot\spring-boot-autoconfigure\3.2.0\spring-boot-autoconfigure-3.2.0.jar;C:\Users\PC\.m2\repository\org\springframework\boot\spring-boot-starter-logging\3.2.0\spring-boot-starter-logging-3.2.0.jar;C:\Users\PC\.m2\repository\ch\qos\logback\logback-classic\1.4.11\logback-classic-1.4.11.jar;C:\Users\PC\.m2\repository\ch\qos\logback\logback-core\1.4.11\logback-core-1.4.11.jar;C:\Users\PC\.m2\repository\org\apache\logging\log4j\log4j-to-slf4j\2.21.1\log4j-to-slf4j-2.21.1.jar;C:\Users\PC\.m2\repository\org\apache\logging\log4j\log4j-api\2.21.1\log4j-api-2.21.1.jar;C:\Users\PC\.m2\repository\org\slf4j\jul-to-slf4j\2.0.9\jul-to-slf4j-2.0.9.jar;C:\Users\PC\.m2\repository\jakarta\annotation\jakarta.annotation-api\2.1.1\jakarta.annotation-api-2.1.1.jar;C:\Users\PC\.m2\repository\org\yaml\snakeyaml\2.2\snakeyaml-2.2.jar;C:\Users\PC\.m2\repository\org\springframework\boot\spring-boot-starter-json\3.2.0\spring-boot-starter-json-3.2.0.jar;C:\Users\PC\.m2\repository\com\fasterxml\jackson\core\jackson-databind\2.15.3\jackson-databind-2.15.3.jar;C:\Users\PC\.m2\repository\com\fasterxml\jackson\core\jackson-annotations\2.15.3\jackson-annotations-2.15.3.jar;C:\Users\PC\.m2\repository\com\fasterxml\jackson\core\jackson-core\2.15.3\jackson-core-2.15.3.jar;C:\Users\PC\.m2\repository\com\fasterxml\jackson\datatype\jackson-datatype-jdk8\2.15.3\jackson-datatype-jdk8-2.15.3.jar;C:\Users\PC\.m2\repository\com\fasterxml\jackson\datatype\jackson-datatype-jsr310\2.15.3\jackson-datatype-jsr310-2.15.3.jar;C:\Users\PC\.m2\repository\com\fasterxml\jackson\module\jackson-module-parameter-names\2.15.3\jackson-module-parameter-names-2.15.3.jar;C:\Users\PC\.m2\repository\org\springframework\boot\spring-boot-starter-tomcat\3.2.0\spring-boot-starter-tomcat-3.2.0.jar;C:\Users\PC\.m2\repository\org\apache\tomcat\embed\tomcat-embed-core\10.1.16\tomcat-embed-core-10.1.16.jar;C:\Users\PC\.m2\repository\org\apache\tomcat\embed\tomcat-embed-el\10.1.16\tomcat-embed-el-10.1.16.jar;C:\Users\PC\.m2\repository\org\apache\tomcat\embed\tomcat-embed-websocket\10.1.16\tomcat-embed-websocket-10.1.16.jar;C:\Users\PC\.m2\repository\org\springframework\spring-web\6.1.1\spring-web-6.1.1.jar;C:\Users\PC\.m2\repository\org\springframework\spring-beans\6.1.1\spring-beans-6.1.1.jar;C:\Users\PC\.m2\repository\org\springframework\spring-webmvc\6.1.1\spring-webmvc-6.1.1.jar;C:\Users\PC\.m2\repository\org\springframework\spring-aop\6.1.1\spring-aop-6.1.1.jar;C:\Users\PC\.m2\repository\org\springframework\spring-expression\6.1.1\spring-expression-6.1.1.jar;C:\Users\PC\.m2\repository\org\springframework\spring-core\6.1.11\spring-core-6.1.11.jar;C:\Users\PC\.m2\repository\org\springframework\spring-jcl\6.1.11\spring-jcl-6.1.11.jar;C:\Users\PC\.m2\repository\org\springframework\boot\spring-boot-starter-data-jpa\3.2.0\spring-boot-starter-data-jpa-3.2.0.jar;C:\Users\PC\.m2\repository\org\springframework\boot\spring-boot-starter-aop\3.2.0\spring-boot-starter-aop-3.2.0.jar;C:\Users\PC\.m2\repository\org\aspectj\aspectjweaver\1.9.20.1\aspectjweaver-1.9.20.1.jar;C:\Users\PC\.m2\repository\org\springframework\boot\spring-boot-starter-jdbc\3.2.0\spring-boot-starter-jdbc-3.2.0.jar;C:\Users\PC\.m2\repository\com\zaxxer\HikariCP\5.0.1\HikariCP-5.0.1.jar;C:\Users\PC\.m2\repository\org\springframework\spring-jdbc\6.1.1\spring-jdbc-6.1.1.jar;C:\Users\PC\.m2\repository\org\hibernate\orm\hibernate-core\6.3.1.Final\hibernate-core-6.3.1.Final.jar;C:\Users\PC\.m2\repository\jakarta\persistence\jakarta.persistence-api\3.1.0\jakarta.persistence-api-3.1.0.jar;C:\Users\PC\.m2\repository\jakarta\transaction\jakarta.transaction-api\2.0.1\jakarta.transaction-api-2.0.1.jar;C:\Users\PC\.m2\repository\org\jboss\logging\jboss-logging\3.5.0.Final\jboss-logging-3.5.0.Final.jar;C:\Users\PC\.m2\repository\org\hibernate\common\hibernate-commons-annotations\6.0.6.Final\hibernate-commons-annotations-6.0.6.Final.jar;C:\Users\PC\.m2\repository\io\smallrye\jandex\3.1.2\jandex-3.1.2.jar;C:\Users\PC\.m2\repository\com\fasterxml\classmate\1.5.1\classmate-1.5.1.jar;C:\Users\PC\.m2\repository\org\glassfish\jaxb\jaxb-runtime\4.0.2\jaxb-runtime-4.0.2.jar;C:\Users\PC\.m2\repository\org\glassfish\jaxb\jaxb-core\4.0.2\jaxb-core-4.0.2.jar;C:\Users\PC\.m2\repository\org\eclipse\angus\angus-activation\2.0.0\angus-activation-2.0.0.jar;C:\Users\PC\.m2\repository\org\glassfish\jaxb\txw2\4.0.2\txw2-4.0.2.jar;C:\Users\PC\.m2\repository\com\sun\istack\istack-commons-runtime\4.1.1\istack-commons-runtime-4.1.1.jar;C:\Users\PC\.m2\repository\jakarta\inject\jakarta.inject-api\2.0.1\jakarta.inject-api-2.0.1.jar;C:\Users\PC\.m2\repository\org\antlr\antlr4-runtime\4.10.1\antlr4-runtime-4.10.1.jar;C:\Users\PC\.m2\repository\org\springframework\data\spring-data-jpa\3.2.0\spring-data-jpa-3.2.0.jar;C:\Users\PC\.m2\repository\org\springframework\data\spring-data-commons\3.2.0\spring-data-commons-3.2.0.jar;C:\Users\PC\.m2\repository\org\springframework\spring-orm\6.1.0\spring-orm-6.1.0.jar;C:\Users\PC\.m2\repository\org\slf4j\slf4j-api\2.0.2\slf4j-api-2.0.2.jar;C:\Users\PC\.m2\repository\org\springframework\spring-aspects\6.1.1\spring-aspects-6.1.1.jar;C:\Users\PC\.m2\repository\org\springframework\kafka\spring-kafka\3.2.0\spring-kafka-3.2.0.jar;C:\Users\PC\.m2\repository\org\springframework\spring-context\6.1.7\spring-context-6.1.7.jar;C:\Users\PC\.m2\repository\org\springframework\spring-messaging\6.1.7\spring-messaging-6.1.7.jar;C:\Users\PC\.m2\repository\org\springframework\spring-tx\6.1.7\spring-tx-6.1.7.jar;C:\Users\PC\.m2\repository\org\springframework\retry\spring-retry\2.0.6\spring-retry-2.0.6.jar;C:\Users\PC\.m2\repository\org\apache\kafka\kafka-clients\3.7.0\kafka-clients-3.7.0.jar;C:\Users\PC\.m2\repository\com\github\luben\zstd-jni\1.5.5-6\zstd-jni-1.5.5-6.jar;C:\Users\PC\.m2\repository\org\lz4\lz4-java\1.8.0\lz4-java-1.8.0.jar;C:\Users\PC\.m2\repository\org\xerial\snappy\snappy-java\1.1.10.5\snappy-java-1.1.10.5.jar;C:\Users\PC\.m2\repository\io\micrometer\micrometer-observation\1.13.0\micrometer-observation-1.13.0.jar;C:\Users\PC\.m2\repository\io\micrometer\micrometer-commons\1.13.0\micrometer-commons-1.13.0.jar;C:\Users\PC\.m2\repository\org\springframework\boot\spring-boot-starter-thymeleaf\3.2.0\spring-boot-starter-thymeleaf-3.2.0.jar;C:\Users\PC\.m2\repository\org\thymeleaf\thymeleaf-spring6\3.1.2.RELEASE\thymeleaf-spring6-3.1.2.RELEASE.jar;C:\Users\PC\.m2\repository\org\thymeleaf\thymeleaf\3.1.2.RELEASE\thymeleaf-3.1.2.RELEASE.jar;C:\Users\PC\.m2\repository\org\attoparser\attoparser\2.0.7.RELEASE\attoparser-2.0.7.RELEASE.jar;C:\Users\PC\.m2\repository\org\unbescape\unbescape\1.1.6.RELEASE\unbescape-1.1.6.RELEASE.jar;C:\Users\PC\.m2\repository\org\projectlombok\lombok\1.18.30\lombok-1.18.30.jar;C:\Users\PC\.m2\repository\com\h2database\h2\2.3.230\h2-2.3.230.jar;C:\Users\PC\.m2\repository\org\springframework\boot\spring-boot-starter-test\3.2.0\spring-boot-starter-test-3.2.0.jar;C:\Users\PC\.m2\repository\org\springframework\boot\spring-boot-test\3.2.0\spring-boot-test-3.2.0.jar;C:\Users\PC\.m2\repository\org\springframework\boot\spring-boot-test-autoconfigure\3.2.0\spring-boot-test-autoconfigure-3.2.0.jar;C:\Users\PC\.m2\repository\com\jayway\jsonpath\json-path\2.8.0\json-path-2.8.0.jar;C:\Users\PC\.m2\repository\jakarta\xml\bind\jakarta.xml.bind-api\4.0.1\jakarta.xml.bind-api-4.0.1.jar;C:\Users\PC\.m2\repository\jakarta\activation\jakarta.activation-api\2.1.2\jakarta.activation-api-2.1.2.jar;C:\Users\PC\.m2\repository\net\minidev\json-smart\2.5.0\json-smart-2.5.0.jar;C:\Users\PC\.m2\repository\net\minidev\accessors-smart\2.5.0\accessors-smart-2.5.0.jar;C:\Users\PC\.m2\repository\org\ow2\asm\asm\9.3\asm-9.3.jar;C:\Users\PC\.m2\repository\org\assertj\assertj-core\3.24.2\assertj-core-3.24.2.jar;C:\Users\PC\.m2\repository\org\awaitility\awaitility\4.2.0\awaitility-4.2.0.jar;C:\Users\PC\.m2\repository\org\hamcrest\hamcrest\2.2\hamcrest-2.2.jar;C:\Users\PC\.m2\repository\org\junit\jupiter\junit-jupiter\5.10.1\junit-jupiter-5.10.1.jar;C:\Users\PC\.m2\repository\org\junit\jupiter\junit-jupiter-params\5.10.1\junit-jupiter-params-5.10.1.jar;C:\Users\PC\.m2\repository\org\junit\jupiter\junit-jupiter-engine\5.10.1\junit-jupiter-engine-5.10.1.jar;C:\Users\PC\.m2\repository\org\junit\platform\junit-platform-engine\1.10.1\junit-platform-engine-1.10.1.jar;C:\Users\PC\.m2\repository\org\skyscreamer\jsonassert\1.5.1\jsonassert-1.5.1.jar;C:\Users\PC\.m2\repository\com\vaadin\external\google\android-json\0.0.20131108.vaadin1\android-json-0.0.20131108.vaadin1.jar;C:\Users\PC\.m2\repository\org\springframework\spring-test\6.1.1\spring-test-6.1.1.jar;C:\Users\PC\.m2\repository\org\xmlunit\xmlunit-core\2.9.1\xmlunit-core-2.9.1.jar;C:\Users\PC\.m2\repository\org\mockito\mockito-core\5.12.0\mockito-core-5.12.0.jar;C:\Users\PC\.m2\repository\net\bytebuddy\byte-buddy\1.14.15\byte-buddy-1.14.15.jar;C:\Users\PC\.m2\repository\net\bytebuddy\byte-buddy-agent\1.14.15\byte-buddy-agent-1.14.15.jar;C:\Users\PC\.m2\repository\org\objenesis\objenesis\3.3\objenesis-3.3.jar;C:\Users\PC\.m2\repository\org\mockito\mockito-junit-jupiter\5.12.0\mockito-junit-jupiter-5.12.0.jar;C:\Users\PC\.m2\repository\org\junit\jupiter\junit-jupiter-api\5.10.2\junit-jupiter-api-5.10.2.jar;C:\Users\PC\.m2\repository\org\opentest4j\opentest4j\1.3.0\opentest4j-1.3.0.jar;C:\Users\PC\.m2\repository\org\junit\platform\junit-platform-commons\1.10.2\junit-platform-commons-1.10.2.jar;C:\Users\PC\.m2\repository\org\apiguardian\apiguardian-api\1.1.2\apiguardian-api-1.1.2.jar
Launcher Type: SUN_STANDARD

[Global flags]
     intx CICompilerCount                          = 12                                        {product} {ergonomic}
     uint ConcGCThreads                            = 5                                         {product} {ergonomic}
     uint G1ConcRefinementThreads                  = 18                                        {product} {ergonomic}
   size_t G1HeapRegionSize                         = 4194304                                   {product} {ergonomic}
    uintx GCDrainStackTargetSize                   = 64                                        {product} {ergonomic}
   size_t InitialHeapSize                          = 536870912                                 {product} {ergonomic}
   size_t MarkStackSize                            = 4194304                                   {product} {ergonomic}
   size_t MaxHeapSize                              = 8573157376                                {product} {ergonomic}
   size_t MaxNewSize                               = 5142216704                                {product} {ergonomic}
   size_t MinHeapDeltaBytes                        = 4194304                                   {product} {ergonomic}
   size_t MinHeapSize                              = 8388608                                   {product} {ergonomic}
    uintx NonNMethodCodeHeapSize                   = 7602480                                {pd product} {ergonomic}
    uintx NonProfiledCodeHeapSize                  = 122027880                              {pd product} {ergonomic}
    uintx ProfiledCodeHeapSize                     = 122027880                              {pd product} {ergonomic}
    uintx ReservedCodeCacheSize                    = 251658240                              {pd product} {ergonomic}
     bool SegmentedCodeCache                       = true                                      {product} {ergonomic}
   size_t SoftMaxHeapSize                          = 8573157376                             {manageable} {ergonomic}
     bool UseCompressedOops                        = true                           {product lp64_product} {ergonomic}
     bool UseG1GC                                  = true                                      {product} {ergonomic}
     bool UseLargePagesIndividualAllocation        = false                                  {pd product} {ergonomic}

Logging:
Log output configuration:
 #0: stdout all=warning uptime,level,tags foldmultilines=false
 #1: stderr all=off uptime,level,tags foldmultilines=false

Environment Variables:
JAVA_HOME=C:\Program Files\Java\jdk-17
PATH=C:\Program Files\Common Files\Oracle\Java\javapath;C:\WINDOWS\system32;C:\WINDOWS;C:\WINDOWS\System32\Wbem;C:\WINDOWS\System32\WindowsPowerShell\v1.0\;C:\WINDOWS\System32\OpenSSH\;C:\Program Files\NVIDIA Corporation\NVIDIA NvDLISR;C:\Program Files (x86)\NVIDIA Corporation\PhysX\Common;C:\Program Files\Git\cmd;C:\Program Files\nodejs\;C:\Program Files (x86)\Windows Kits\10\Windows Performance Toolkit\;C:\sw\tools;C:\Program Files\dotnet\;C:\Program Files\Docker\Docker\resources\bin;C:\protoc-25.4-win64\bin;C:\Program Files\Java\jdk-21\bin;C:\Users\PC\AppData\Local\Microsoft\WindowsApps;C:\Users\PC\AppData\Local\Programs\Microsoft VS Code\bin;C:\Users\PC\AppData\Roaming\npm;C:\Users\PC\OneDrive\Escritorio\Work\Flutter\flutter_application_1\flutter\bin;C:\Users\PC\AppData\Local\GitHubDesktop\bin;C:\Users\PC\.dotnet\tools
USERNAME=PC
OS=Windows_NT
PROCESSOR_IDENTIFIER=AMD64 Family 25 Model 33 Stepping 2, AuthenticAMD
TMP=C:\Users\PC\AppData\Local\Temp
TEMP=C:\Users\PC\AppData\Local\Temp




Periodic native trim disabled

---------------  S Y S T E M  ---------------

OS:
 Windows 11 , 64 bit Build 22621 (10.0.22621.3672)
OS uptime: 0 days 0:23 hours
Hyper-V role detected

CPU: total 24 (initial active 24) (24 cores per cpu, 2 threads per core) family 25 model 33 stepping 2 microcode 0x0, cx8, cmov, fxsr, ht, mmx, 3dnowpref, sse, sse2, sse3, ssse3, sse4a, sse4.1, sse4.2, popcnt, lzcnt, tsc, tscinvbit, avx, avx2, aes, erms, clmul, bmi1, bmi2, adx, sha, fma, vzeroupper, clflush, clflushopt, hv, rdtscp, rdpid, fsrm, f16c, cet_ss
Processor Information for all 24 processors :
  Max Mhz: 3701, Current Mhz: 3701, Mhz Limit: 3701

Memory: 4k page, system-wide physical 32693M (21612M free)
TotalPageFile size 34741M (AvailPageFile size 20496M)
current process WorkingSet (physical memory assigned to process): 35M, peak: 35M
current process commit charge ("private bytes"): 622M, peak: 622M

vm_info: Java HotSpot(TM) 64-Bit Server VM (21.0.3+7-LTS-152) for windows-amd64 JRE (21.0.3+7-LTS-152), built on 2024-03-11T17:42:26Z by "mach5one" with MS VC++ 17.6 (VS2022)

END.
