#
# A fatal error has been detected by the Java Runtime Environment:
#
#  EXCEPTION_ACCESS_VIOLATION (0xc0000005) at pc=0x0000017e07834d60, pid=5264, tid=5748
#
# JRE version: Java(TM) SE Runtime Environment (21.0.3+7) (build 21.0.3+7-LTS-152)
# Java VM: Java HotSpot(TM) 64-Bit Server VM (21.0.3+7-LTS-152, mixed mode, sharing, tiered, compressed oops, compressed class ptrs, g1 gc, windows-amd64)
# Problematic frame:
# C  0x0000017e07834d60
#
# No core dump will be written. Minidumps are not enabled by default on client versions of Windows
#
# If you would like to submit a bug report, please visit:
#   https://bugreport.java.com/bugreport/crash.jsp
#

---------------  S U M M A R Y ------------

Command Line: -ea -Didea.test.cyclic.buffer.size=1048576 -javaagent:C:\Program Files\JetBrains\IntelliJ IDEA Community Edition 2023.3\lib\idea_rt.jar=51135:C:\Program Files\JetBrains\IntelliJ IDEA Community Edition 2023.3\bin -Dfile.encoding=UTF-8 -Dsun.stdout.encoding=UTF-8 -Dsun.stderr.encoding=UTF-8 com.intellij.rt.junit.JUnitStarter -ideVersion5 -junit5 org.example.tech.JUnit.service.SWAPIServiceTest

Host: AMD Ryzen 9 5900X 12-Core Processor            , 24 cores, 31G,  Windows 11 , 64 bit Build 22621 (10.0.22621.3672)
Time: Fri Jul 26 13:05:38 2024 Hora de verano romance elapsed time: 0.322857 seconds (0d 0h 0m 0s)

---------------  T H R E A D  ---------------

Current thread (0x0000017e7aa0cfa0):  JavaThread "main"             [_thread_in_Java, id=5748, stack(0x000000364c600000,0x000000364c700000) (1024K)]

Stack: [0x000000364c600000,0x000000364c700000],  sp=0x000000364c6fd638,  free space=1013k
Native frames: (J=compiled Java code, j=interpreted, Vv=VM code, C=native code)
C  0x0000017e07834d60


siginfo: EXCEPTION_ACCESS_VIOLATION (0xc0000005), data execution prevention violation at address 0x0000017e07834d60


Registers:
RAX=0x0000017e2322c318, RBX=0x0000017e2322c318, RCX=0x000000061f805b08, RDX=0x000000061f805b08
RSP=0x000000364c6fd638, RBP=0x000000364c6fd958, RSI=0x0000017e6422dbc0, RDI=0x0000000000000002
R8 =0x0000000000000008, R9 =0x0000017e7aa0cfa0, R10=0x0000017e23000000, R11=0x0000017e085b6a80
R12=0x0000000000000000, R13=0x000000364c6fd908, R14=0x0000000000000000, R15=0x0000017e7aa0cfa0
RIP=0x0000017e07834d60, EFLAGS=0x0000000000010202


Register to memory mapping:

RAX={method} {0x0000017e2322c320} 'validateMetafactoryArgs' '()V' in 'java/lang/invoke/AbstractValidatingLambdaMetafactory'
RBX={method} {0x0000017e2322c320} 'validateMetafactoryArgs' '()V' in 'java/lang/invoke/AbstractValidatingLambdaMetafactory'
RCX=0x000000061f805b08 is an oop: java.lang.invoke.InnerClassLambdaMetafactory 
{0x000000061f805b08} - klass: 'java/lang/invoke/InnerClassLambdaMetafactory'
 - ---- fields (total size 13 words):
 - final 'implKind' 'I' @12  5 (0x00000005)
 - final 'implIsInstanceMethod' 'Z' @16  true (0x01)
 - final 'isSerializable' 'Z' @17  false (0x00)
 - final 'caller' 'Ljava/lang/invoke/MethodHandles$Lookup;' @20  a 'java/lang/invoke/MethodHandles$Lookup'{0x000000061f805ae8} (0xc3f00b5d)
 - final 'targetClass' 'Ljava/lang/Class;' @24  a 'java/lang/Class'{0x000000061ffc1428} = 'org/junit/jupiter/engine/extension/MutableExtensionRegistry' (0xc3ff8285)
 - final 'factoryType' 'Ljava/lang/invoke/MethodType;' @28  a 'java/lang/invoke/MethodType'{0x000000061f805648} = (Lorg/junit/jupiter/engine/extension/MutableExtensionRegistry;)Ljava/util/function/Consumer; (0xc3f00ac9)
 - final 'interfaceClass' 'Ljava/lang/Class;' @32  a 'java/lang/Class'{0x0000000620e2e700} = 'java/util/function/Consumer' (0xc41c5ce0)
 - final 'interfaceMethodName' 'Ljava/lang/String;' @36  "accept"{0x0000000620e2a6d0} (0xc41c54da)
 - final 'interfaceMethodType' 'Ljava/lang/invoke/MethodType;' @40  a 'java/lang/invoke/MethodType'{0x0000000620e18de0} = (Ljava/lang/Object;)V (0xc41c31bc)
 - final 'implementation' 'Ljava/lang/invoke/MethodHandle;' @44  a 'java/lang/invoke/DirectMethodHandle$Special'{0x000000061f805a68} (0xc3f00b4d)
 - final 'implMethodType' 'Ljava/lang/invoke/MethodType;' @48  a 'java/lang/invoke/MethodType'{0x000000061f805968} = (Lorg/junit/jupiter/engine/extension/MutableExtensionRegistry;Lorg/junit/jupiter/api/extension/Extension;)V (0xc3f00b2d)
 - final 'implInfo' 'Ljava/lang/invoke/MethodHandleInfo;' @52  a 'java/lang/invoke/InfoFromMemberName'{0x000000061f805b70} (0xc3f00b6e)
 - final 'implClass' 'Ljava/lang/Class;' @56  a 'java/lang/Class'{0x000000061ffc1428} = 'org/junit/jupiter/engine/extension/MutableExtensionRegistry' (0xc3ff8285)
 - final 'dynamicMethodType' 'Ljava/lang/invoke/MethodType;' @60  a 'java/lang/invoke/MethodType'{0x000000061f8057e0} = (Lorg/junit/jupiter/api/extension/Extension;)V (0xc3f00afc)
 - final 'altInterfaces' '[Ljava/lang/Class;' @64  a 'java/lang/Class'[0] {0x0000000620e1a310} (0xc41c3462)
 - final 'altMethods' '[Ljava/lang/invoke/MethodType;' @68  a 'java/lang/invoke/MethodType'[0] {0x0000000620e1a320} (0xc41c3464)
 - private final 'useImplMethodHandle' 'Z' @18  false (0x00)
 - private final 'implMethodClassName' 'Ljava/lang/String;' @72  "org/junit/jupiter/engine/extension/MutableExtensionRegistry"{0x000000061f805bd8} (0xc3f00b7b)
 - private final 'implMethodName' 'Ljava/lang/String;' @76  "registerDefaultExtension"{0x000000061f8056e8} (0xc3f00add)
 - private final 'implMethodDesc' 'Ljava/lang/String;' @80  "(Lorg/junit/jupiter/api/extension/Extension;)V"{0x000000061f805de0} (0xc3f00bbc)
 - private final 'constructorType' 'Ljava/lang/invoke/MethodType;' @84  a 'java/lang/invoke/MethodType'{0x000000061f805e38} = (Lorg/junit/jupiter/engine/extension/MutableExtensionRegistry;)V (0xc3f00bc7)
 - private final 'cw' 'Ljdk/internal/org/objectweb/asm/ClassWriter;' @88  a 'jdk/internal/org/objectweb/asm/ClassWriter'{0x000000061f8060c8} (0xc3f00c19)
 - private final 'argNames' '[Ljava/lang/String;' @92  a 'java/lang/String'[1] {0x000000061f806618} (0xc3f00cc3)
 - private final 'argDescs' '[Ljava/lang/String;' @96  a 'java/lang/String'[1] {0x000000061f806630} (0xc3f00cc6)
 - private final 'lambdaClassName' 'Ljava/lang/String;' @100  "org/junit/jupiter/engine/extension/MutableExtensionRegistry$$Lambda"{0x000000061f806058} (0xc3f00c0b)
RDX=0x000000061f805b08 is an oop: java.lang.invoke.InnerClassLambdaMetafactory 
{0x000000061f805b08} - klass: 'java/lang/invoke/InnerClassLambdaMetafactory'
 - ---- fields (total size 13 words):
 - final 'implKind' 'I' @12  5 (0x00000005)
 - final 'implIsInstanceMethod' 'Z' @16  true (0x01)
 - final 'isSerializable' 'Z' @17  false (0x00)
 - final 'caller' 'Ljava/lang/invoke/MethodHandles$Lookup;' @20  a 'java/lang/invoke/MethodHandles$Lookup'{0x000000061f805ae8} (0xc3f00b5d)
 - final 'targetClass' 'Ljava/lang/Class;' @24  a 'java/lang/Class'{0x000000061ffc1428} = 'org/junit/jupiter/engine/extension/MutableExtensionRegistry' (0xc3ff8285)
 - final 'factoryType' 'Ljava/lang/invoke/MethodType;' @28  a 'java/lang/invoke/MethodType'{0x000000061f805648} = (Lorg/junit/jupiter/engine/extension/MutableExtensionRegistry;)Ljava/util/function/Consumer; (0xc3f00ac9)
 - final 'interfaceClass' 'Ljava/lang/Class;' @32  a 'java/lang/Class'{0x0000000620e2e700} = 'java/util/function/Consumer' (0xc41c5ce0)
 - final 'interfaceMethodName' 'Ljava/lang/String;' @36  "accept"{0x0000000620e2a6d0} (0xc41c54da)
 - final 'interfaceMethodType' 'Ljava/lang/invoke/MethodType;' @40  a 'java/lang/invoke/MethodType'{0x0000000620e18de0} = (Ljava/lang/Object;)V (0xc41c31bc)
 - final 'implementation' 'Ljava/lang/invoke/MethodHandle;' @44  a 'java/lang/invoke/DirectMethodHandle$Special'{0x000000061f805a68} (0xc3f00b4d)
 - final 'implMethodType' 'Ljava/lang/invoke/MethodType;' @48  a 'java/lang/invoke/MethodType'{0x000000061f805968} = (Lorg/junit/jupiter/engine/extension/MutableExtensionRegistry;Lorg/junit/jupiter/api/extension/Extension;)V (0xc3f00b2d)
 - final 'implInfo' 'Ljava/lang/invoke/MethodHandleInfo;' @52  a 'java/lang/invoke/InfoFromMemberName'{0x000000061f805b70} (0xc3f00b6e)
 - final 'implClass' 'Ljava/lang/Class;' @56  a 'java/lang/Class'{0x000000061ffc1428} = 'org/junit/jupiter/engine/extension/MutableExtensionRegistry' (0xc3ff8285)
 - final 'dynamicMethodType' 'Ljava/lang/invoke/MethodType;' @60  a 'java/lang/invoke/MethodType'{0x000000061f8057e0} = (Lorg/junit/jupiter/api/extension/Extension;)V (0xc3f00afc)
 - final 'altInterfaces' '[Ljava/lang/Class;' @64  a 'java/lang/Class'[0] {0x0000000620e1a310} (0xc41c3462)
 - final 'altMethods' '[Ljava/lang/invoke/MethodType;' @68  a 'java/lang/invoke/MethodType'[0] {0x0000000620e1a320} (0xc41c3464)
 - private final 'useImplMethodHandle' 'Z' @18  false (0x00)
 - private final 'implMethodClassName' 'Ljava/lang/String;' @72  "org/junit/jupiter/engine/extension/MutableExtensionRegistry"{0x000000061f805bd8} (0xc3f00b7b)
 - private final 'implMethodName' 'Ljava/lang/String;' @76  "registerDefaultExtension"{0x000000061f8056e8} (0xc3f00add)
 - private final 'implMethodDesc' 'Ljava/lang/String;' @80  "(Lorg/junit/jupiter/api/extension/Extension;)V"{0x000000061f805de0} (0xc3f00bbc)
 - private final 'constructorType' 'Ljava/lang/invoke/MethodType;' @84  a 'java/lang/invoke/MethodType'{0x000000061f805e38} = (Lorg/junit/jupiter/engine/extension/MutableExtensionRegistry;)V (0xc3f00bc7)
 - private final 'cw' 'Ljdk/internal/org/objectweb/asm/ClassWriter;' @88  a 'jdk/internal/org/objectweb/asm/ClassWriter'{0x000000061f8060c8} (0xc3f00c19)
 - private final 'argNames' '[Ljava/lang/String;' @92  a 'java/lang/String'[1] {0x000000061f806618} (0xc3f00cc3)
 - private final 'argDescs' '[Ljava/lang/String;' @96  a 'java/lang/String'[1] {0x000000061f806630} (0xc3f00cc6)
 - private final 'lambdaClassName' 'Ljava/lang/String;' @100  "org/junit/jupiter/engine/extension/MutableExtensionRegistry$$Lambda"{0x000000061f806058} (0xc3f00c0b)
RSP=0x000000364c6fd638 is pointing into the stack for thread: 0x0000017e7aa0cfa0
RBP=0x000000364c6fd958 is pointing into the stack for thread: 0x0000017e7aa0cfa0
RSI=0x0000017e6422dbc0 is pointing into metadata
RDI=0x0000000000000002 is an unknown value
R8 =0x0000000000000008 is an unknown value
R9 =0x0000017e7aa0cfa0 is a thread
R10=0x0000017e23000000 is pointing into metadata
R11=0x0000017e085b6a80 is at entry_point+32 in (nmethod*)0x0000017e085b5f90
Compiled method (c1)     330 1106       3       java.lang.invoke.AbstractValidatingLambdaMetafactory::validateMetafactoryArgs (607 bytes)
 total in heap  [0x0000017e085b5f90,0x0000017e085c0d68] = 44504
 relocation     [0x0000017e085b60f0,0x0000017e085b6a58] = 2408
 main code      [0x0000017e085b6a60,0x0000017e085be3a0] = 31040
 stub code      [0x0000017e085be3a0,0x0000017e085be590] = 496
 oops           [0x0000017e085be590,0x0000017e085be5c8] = 56
 metadata       [0x0000017e085be5c8,0x0000017e085be640] = 120
 scopes data    [0x0000017e085be640,0x0000017e085bf838] = 4600
 scopes pcs     [0x0000017e085bf838,0x0000017e085c0b48] = 4880
 dependencies   [0x0000017e085c0b48,0x0000017e085c0b50] = 8
 nul chk table  [0x0000017e085c0b50,0x0000017e085c0d68] = 536
R12=0x0 is null
R13=0x000000364c6fd908 is pointing into the stack for thread: 0x0000017e7aa0cfa0
R14=0x0 is null
R15=0x0000017e7aa0cfa0 is a thread

Top of Stack: (sp=0x000000364c6fd638)
0x000000364c6fd638:   0000017e085b6a9f 000000000000002f
0x000000364c6fd648:   000000000000003d 0000017e640bf268
0x000000364c6fd658:   0000017e0000003b 000000364c6fd6a0
0x000000364c6fd668:   0000017e0ff8f6c6 0000017e2346be98
0x000000364c6fd678:   000000061f806718 0000000000000000
0x000000364c6fd688:   000000061f806730 000000061ffc14a0
0x000000364c6fd698:   0000000000000202 000000364c6fd958
0x000000364c6fd6a8:   0000017e084c49ac 000000061ffc1428
0x000000364c6fd6b8:   0000000000000003 0000017e0f833360
0x000000364c6fd6c8:   0000017e7aa0cfa0 0000000000000001
0x000000364c6fd6d8:   000000061f8066a8 0000000000000000
0x000000364c6fd6e8:   000000061f8066a8 000000061f806670
0x000000364c6fd6f8:   0000003124677261 0000000000000005
0x000000364c6fd708:   0000017e0ff9a4d0 000000061f805648
0x000000364c6fd718:   000000061ffc1428 000000061f806660
0x000000364c6fd728:   0000000000000400 000000364c6fd770
0x000000364c6fd738:   000000061f806718 000000061f806700
0x000000364c6fd748:   000000061f806780 000000061f806648
0x000000364c6fd758:   000000061f806660 0000017e085ac50c
0x000000364c6fd768:   0000000000000206 000000364c6fd958
0x000000364c6fd778:   0000017e085ad1a4 000000061f8057e0
0x000000364c6fd788:   0000000000000000 0000000620e1a310
0x000000364c6fd798:   0000000620e1a320 0000017e233e0d20
0x000000364c6fd7a8:   0000017e7aa0cfa0 000000364c6fd910
0x000000364c6fd7b8:   0000017e0f80bd61 0000017e0f808190
0x000000364c6fd7c8:   0000000000000000 0000010000000000
0x000000364c6fd7d8:   000000364c6fd958 000000364c6fd910
0x000000364c6fd7e8:   000000364c6fd910 0000017e0f80bd61
0x000000364c6fd7f8:   0000017e0f808190 0000000000000000
0x000000364c6fd808:   0000010000000000 000000364c6fd958
0x000000364c6fd818:   000000061f805b08 000000061f805648
0x000000364c6fd828:   00007ffdecd70a4d 000000061f8057e0 

Instructions: (pc=0x0000017e07834d60)
0x0000017e07834c60:   13 10 db 53 59 04 13 10 dd 53 53 59 11 04 43 05
0x0000017e07834c70:   bd 00 3d 59 03 13 10 df 53 59 04 13 10 e1 53 53
0x0000017e07834c80:   59 11 04 44 05 bd 00 3d 59 03 13 10 e3 53 59 04
0x0000017e07834c90:   13 10 e5 53 53 59 11 04 45 05 bd 00 3d 59 03 13
0x0000017e07834ca0:   10 e7 53 59 04 13 10 e9 53 53 3a 1b 19 1b b0 00
0x0000017e07834cb0:   00 00 02 10 ee 00 00 00 72 00 1c 00 00 00 45 00
0x0000017e07834cc0:   03 00 46 00 06 00 47 00 09 00 48 00 0d 00 49 00
0x0000017e07834cd0:   11 00 4a 00 15 00 4b 00 19 00 4c 00 1d 00 4d 00
0x0000017e07834ce0:   21 00 4e 00 25 00 4f 00 29 00 50 00 2d 00 51 00
0x0000017e07834cf0:   31 00 52 00 35 00 53 00 39 00 54 00 3d 00 55 00
0x0000017e07834d00:   41 00 56 00 45 00 57 00 49 00 58 00 4d 00 59 00
0x0000017e07834d10:   51 00 5a 00 55 00 5b 00 59 00 5c 00 5d 00 5d 00
0x0000017e07834d20:   61 00 5e 00 65 00 5f 59 10 04 a7 10 ef 00 00 01
0x0000017e07834d30:   1a 00 1c 00 00 59 13 10 f0 10 f1 00 00 00 03 59
0x0000017e07834d40:   10 10 f4 10 f5 00 01 00 06 59 0d 10 f6 10 f5 00
0x0000017e07834d50:   02 00 09 59 0a 10 f7 10 f5 00 03 00 0d 59 06 10
0x0000017e07834d60:   f8 10 f5 00 04 00 11 59 02 10 f9 10 f5 00 05 00
0x0000017e07834d70:   15 58 fe 10 fa 10 f5 00 06 00 19 58 fa 10 fb 10
0x0000017e07834d80:   f5 00 07 00 1d 58 f6 10 fc 10 f5 00 08 00 21 58
0x0000017e07834d90:   f2 10 fd 10 f5 00 09 00 25 58 ee 10 fe 10 f5 00
0x0000017e07834da0:   0a 00 29 58 ea 10 ff 10 f5 00 0b 00 2d 58 e6 11
0x0000017e07834db0:   00 10 f5 00 0c 00 31 58 e2 11 01 10 f5 00 0d 00
0x0000017e07834dc0:   35 58 de 11 02 10 f5 00 0e 00 39 58 da 11 03 10
0x0000017e07834dd0:   f5 00 0f 00 3d 58 d6 11 04 10 f5 00 10 00 41 58
0x0000017e07834de0:   d2 11 05 10 f5 00 11 00 45 58 ce 11 06 10 f5 00
0x0000017e07834df0:   12 00 49 58 ca 11 07 10 f5 00 13 00 4d 58 c6 11
0x0000017e07834e00:   08 10 f5 00 14 00 51 58 c2 11 09 10 f5 00 15 00
0x0000017e07834e10:   55 58 be 11 0a 10 f5 00 16 00 59 58 ba 11 0b 10
0x0000017e07834e20:   f5 00 17 00 5d 58 b6 11 0c 10 f5 00 18 00 61 58
0x0000017e07834e30:   b2 11 0d 10 f5 00 19 00 65 58 ae 11 0e 10 f5 00
0x0000017e07834e40:   1a 59 10 00 03 11 0f 11 10 00 1b 00 01 11 11 00
0x0000017e07834e50:   00 00 02 11 12 ca fe ba be 00 00 00 41 00 a8 0a 


Stack slot to memory mapping:

stack at sp + 0 slots: 0x0000017e085b6a9f is at entry_point+63 in (nmethod*)0x0000017e085b5f90
Compiled method (c1)     333 1106       3       java.lang.invoke.AbstractValidatingLambdaMetafactory::validateMetafactoryArgs (607 bytes)
 total in heap  [0x0000017e085b5f90,0x0000017e085c0d68] = 44504
 relocation     [0x0000017e085b60f0,0x0000017e085b6a58] = 2408
 main code      [0x0000017e085b6a60,0x0000017e085be3a0] = 31040
 stub code      [0x0000017e085be3a0,0x0000017e085be590] = 496
 oops           [0x0000017e085be590,0x0000017e085be5c8] = 56
 metadata       [0x0000017e085be5c8,0x0000017e085be640] = 120
 scopes data    [0x0000017e085be640,0x0000017e085bf838] = 4600
 scopes pcs     [0x0000017e085bf838,0x0000017e085c0b48] = 4880
 dependencies   [0x0000017e085c0b48,0x0000017e085c0b50] = 8
 nul chk table  [0x0000017e085c0b50,0x0000017e085c0d68] = 536
stack at sp + 1 slots: 0x000000000000002f is an unknown value
stack at sp + 2 slots: 0x000000000000003d is an unknown value
stack at sp + 3 slots: 0x0000017e640bf268 is pointing into metadata
stack at sp + 4 slots: 0x0000017e0000003b points into unknown readable memory: 00 fd ff ff ff
stack at sp + 5 slots: 0x000000364c6fd6a0 is pointing into the stack for thread: 0x0000017e7aa0cfa0
stack at sp + 6 slots: 0x0000017e0ff8f6c6 is at entry_point+230 in (nmethod*)0x0000017e0ff8f410
Compiled method (c2)     336  778       4       java.lang.StringBuilder::append (8 bytes)
 total in heap  [0x0000017e0ff8f410,0x0000017e0ff900c0] = 3248
 relocation     [0x0000017e0ff8f570,0x0000017e0ff8f5e0] = 112
 main code      [0x0000017e0ff8f5e0,0x0000017e0ff8fd00] = 1824
 stub code      [0x0000017e0ff8fd00,0x0000017e0ff8fd28] = 40
 metadata       [0x0000017e0ff8fd28,0x0000017e0ff8fd70] = 72
 scopes data    [0x0000017e0ff8fd70,0x0000017e0ff8ff50] = 480
 scopes pcs     [0x0000017e0ff8ff50,0x0000017e0ff90040] = 240
 dependencies   [0x0000017e0ff90040,0x0000017e0ff90048] = 8
 handler table  [0x0000017e0ff90048,0x0000017e0ff90090] = 72
 nul chk table  [0x0000017e0ff90090,0x0000017e0ff900c0] = 48
stack at sp + 7 slots: {method} {0x0000017e2346bea0} '<init>' '(I)V' in 'java/lang/AbstractStringBuilder'


---------------  P R O C E S S  ---------------

Threads class SMR info:
_java_thread_list=0x0000017e2284e1d0, length=14, elements={
0x0000017e7aa0cfa0, 0x0000017e7fe16820, 0x0000017e7fe17480, 0x0000017e7fe186d0,
0x0000017e7fe196e0, 0x0000017e7fe1c250, 0x0000017e7fe1cde0, 0x0000017e226294f0,
0x0000017e22634bb0, 0x0000017e226322d0, 0x0000017e22798be0, 0x0000017e226344e0,
0x0000017e228cfca0, 0x0000017e228d0310
}

Java Threads: ( => current thread )
=>0x0000017e7aa0cfa0 JavaThread "main"                              [_thread_in_Java, id=5748, stack(0x000000364c600000,0x000000364c700000) (1024K)]
  0x0000017e7fe16820 JavaThread "Reference Handler"          daemon [_thread_blocked, id=11992, stack(0x000000364ce00000,0x000000364cf00000) (1024K)]
  0x0000017e7fe17480 JavaThread "Finalizer"                  daemon [_thread_blocked, id=2060, stack(0x000000364cf00000,0x000000364d000000) (1024K)]
  0x0000017e7fe186d0 JavaThread "Signal Dispatcher"          daemon [_thread_blocked, id=4748, stack(0x000000364d000000,0x000000364d100000) (1024K)]
  0x0000017e7fe196e0 JavaThread "Attach Listener"            daemon [_thread_blocked, id=9192, stack(0x000000364d100000,0x000000364d200000) (1024K)]
  0x0000017e7fe1c250 JavaThread "Service Thread"             daemon [_thread_blocked, id=4232, stack(0x000000364d200000,0x000000364d300000) (1024K)]
  0x0000017e7fe1cde0 JavaThread "Monitor Deflation Thread"   daemon [_thread_blocked, id=7388, stack(0x000000364d300000,0x000000364d400000) (1024K)]
  0x0000017e226294f0 JavaThread "C2 CompilerThread0"         daemon [_thread_blocked, id=2168, stack(0x000000364d400000,0x000000364d500000) (1024K)]
  0x0000017e22634bb0 JavaThread "C1 CompilerThread0"         daemon [_thread_blocked, id=7096, stack(0x000000364d500000,0x000000364d600000) (1024K)]
  0x0000017e226322d0 JavaThread "C1 CompilerThread1"         daemon [_thread_blocked, id=9116, stack(0x000000364d600000,0x000000364d700000) (1024K)]
  0x0000017e22798be0 JavaThread "Common-Cleaner"             daemon [_thread_blocked, id=20728, stack(0x000000364d700000,0x000000364d800000) (1024K)]
  0x0000017e226344e0 JavaThread "C2 CompilerThread1"         daemon [_thread_blocked, id=21300, stack(0x000000364d800000,0x000000364d900000) (1024K)]
  0x0000017e228cfca0 JavaThread "Monitor Ctrl-Break"         daemon [_thread_in_native, id=20864, stack(0x000000364d900000,0x000000364da00000) (1024K)]
  0x0000017e228d0310 JavaThread "Notification Thread"        daemon [_thread_blocked, id=10468, stack(0x000000364da00000,0x000000364db00000) (1024K)]
Total: 14

Other Threads:
  0x0000017e7fdf8de0 VMThread "VM Thread"                           [id=20504, stack(0x000000364cd00000,0x000000364ce00000) (1024K)]
  0x0000017e22621270 WatcherThread "VM Periodic Task Thread"        [id=2516, stack(0x000000364cc00000,0x000000364cd00000) (1024K)]
  0x0000017e7cce3d50 WorkerThread "GC Thread#0"                     [id=8200, stack(0x000000364c700000,0x000000364c800000) (1024K)]
  0x0000017e7ccf4f00 ConcurrentGCThread "G1 Main Marker"            [id=14020, stack(0x000000364c800000,0x000000364c900000) (1024K)]
  0x0000017e7ccf5a00 WorkerThread "G1 Conc#0"                       [id=21704, stack(0x000000364c900000,0x000000364ca00000) (1024K)]
  0x0000017e7fd23cd0 ConcurrentGCThread "G1 Refine#0"               [id=11868, stack(0x000000364ca00000,0x000000364cb00000) (1024K)]
  0x0000017e7fd24840 ConcurrentGCThread "G1 Service"                [id=19744, stack(0x000000364cb00000,0x000000364cc00000) (1024K)]
Total: 7

Threads with active compile tasks:
Total: 0

VM state: not at safepoint (normal execution)

VM Mutex/Monitor currently owned by a thread: None

Heap address: 0x0000000601000000, size: 8176 MB, Compressed Oops mode: Zero based, Oop shift amount: 3

CDS archive(s) mapped at: [0x0000017e23000000-0x0000017e23c90000-0x0000017e23c90000), size 13172736, SharedBaseAddress: 0x0000017e23000000, ArchiveRelocationMode: 1.
Compressed class space mapped at: 0x0000017e24000000-0x0000017e64000000, reserved size: 1073741824
Narrow klass base: 0x0000017e23000000, Narrow klass shift: 0, Narrow klass range: 0x100000000

GC Precious Log:
 CardTable entry size: 512
 Card Set container configuration: InlinePtr #cards 4 size 8 Array Of Cards #cards 32 size 80 Howl #buckets 8 coarsen threshold 7372 Howl Bitmap #cards 1024 size 144 coarsen threshold 921 Card regions per heap region 1 cards per card region 8192
 CPUs: 24 total, 24 available
 Memory: 32693M
 Large Page Support: Disabled
 NUMA Support: Disabled
 Compressed Oops: Enabled (Zero based)
 Heap Region Size: 4M
 Heap Min Capacity: 8M
 Heap Initial Capacity: 512M
 Heap Max Capacity: 8176M
 Pre-touch: Disabled
 Parallel Workers: 18
 Concurrent Workers: 5
 Concurrent Refinement Workers: 18
 Periodic GC: Disabled

Heap:
 garbage-first heap   total 524288K, used 16384K [0x0000000601000000, 0x0000000800000000)
  region size 4096K, 6 young (24576K), 0 survivors (0K)
 Metaspace       used 4254K, committed 4480K, reserved 1114112K
  class space    used 501K, committed 640K, reserved 1048576K

Heap Regions: E=young(eden), S=young(survivor), O=old, HS=humongous(starts), HC=humongous(continues), CS=collection set, F=free, TAMS=top-at-mark-start, PB=parsable bottom
|   0|0x0000000601000000, 0x0000000601000000, 0x0000000601400000|  0%| F|  |TAMS 0x0000000601000000| PB 0x0000000601000000| Untracked 
|   1|0x0000000601400000, 0x0000000601400000, 0x0000000601800000|  0%| F|  |TAMS 0x0000000601400000| PB 0x0000000601400000| Untracked 
|   2|0x0000000601800000, 0x0000000601800000, 0x0000000601c00000|  0%| F|  |TAMS 0x0000000601800000| PB 0x0000000601800000| Untracked 
|   3|0x0000000601c00000, 0x0000000601c00000, 0x0000000602000000|  0%| F|  |TAMS 0x0000000601c00000| PB 0x0000000601c00000| Untracked 
|   4|0x0000000602000000, 0x0000000602000000, 0x0000000602400000|  0%| F|  |TAMS 0x0000000602000000| PB 0x0000000602000000| Untracked 
|   5|0x0000000602400000, 0x0000000602400000, 0x0000000602800000|  0%| F|  |TAMS 0x0000000602400000| PB 0x0000000602400000| Untracked 
|   6|0x0000000602800000, 0x0000000602800000, 0x0000000602c00000|  0%| F|  |TAMS 0x0000000602800000| PB 0x0000000602800000| Untracked 
|   7|0x0000000602c00000, 0x0000000602c00000, 0x0000000603000000|  0%| F|  |TAMS 0x0000000602c00000| PB 0x0000000602c00000| Untracked 
|   8|0x0000000603000000, 0x0000000603000000, 0x0000000603400000|  0%| F|  |TAMS 0x0000000603000000| PB 0x0000000603000000| Untracked 
|   9|0x0000000603400000, 0x0000000603400000, 0x0000000603800000|  0%| F|  |TAMS 0x0000000603400000| PB 0x0000000603400000| Untracked 
|  10|0x0000000603800000, 0x0000000603800000, 0x0000000603c00000|  0%| F|  |TAMS 0x0000000603800000| PB 0x0000000603800000| Untracked 
|  11|0x0000000603c00000, 0x0000000603c00000, 0x0000000604000000|  0%| F|  |TAMS 0x0000000603c00000| PB 0x0000000603c00000| Untracked 
|  12|0x0000000604000000, 0x0000000604000000, 0x0000000604400000|  0%| F|  |TAMS 0x0000000604000000| PB 0x0000000604000000| Untracked 
|  13|0x0000000604400000, 0x0000000604400000, 0x0000000604800000|  0%| F|  |TAMS 0x0000000604400000| PB 0x0000000604400000| Untracked 
|  14|0x0000000604800000, 0x0000000604800000, 0x0000000604c00000|  0%| F|  |TAMS 0x0000000604800000| PB 0x0000000604800000| Untracked 
|  15|0x0000000604c00000, 0x0000000604c00000, 0x0000000605000000|  0%| F|  |TAMS 0x0000000604c00000| PB 0x0000000604c00000| Untracked 
|  16|0x0000000605000000, 0x0000000605000000, 0x0000000605400000|  0%| F|  |TAMS 0x0000000605000000| PB 0x0000000605000000| Untracked 
|  17|0x0000000605400000, 0x0000000605400000, 0x0000000605800000|  0%| F|  |TAMS 0x0000000605400000| PB 0x0000000605400000| Untracked 
|  18|0x0000000605800000, 0x0000000605800000, 0x0000000605c00000|  0%| F|  |TAMS 0x0000000605800000| PB 0x0000000605800000| Untracked 
|  19|0x0000000605c00000, 0x0000000605c00000, 0x0000000606000000|  0%| F|  |TAMS 0x0000000605c00000| PB 0x0000000605c00000| Untracked 
|  20|0x0000000606000000, 0x0000000606000000, 0x0000000606400000|  0%| F|  |TAMS 0x0000000606000000| PB 0x0000000606000000| Untracked 
|  21|0x0000000606400000, 0x0000000606400000, 0x0000000606800000|  0%| F|  |TAMS 0x0000000606400000| PB 0x0000000606400000| Untracked 
|  22|0x0000000606800000, 0x0000000606800000, 0x0000000606c00000|  0%| F|  |TAMS 0x0000000606800000| PB 0x0000000606800000| Untracked 
|  23|0x0000000606c00000, 0x0000000606c00000, 0x0000000607000000|  0%| F|  |TAMS 0x0000000606c00000| PB 0x0000000606c00000| Untracked 
|  24|0x0000000607000000, 0x0000000607000000, 0x0000000607400000|  0%| F|  |TAMS 0x0000000607000000| PB 0x0000000607000000| Untracked 
|  25|0x0000000607400000, 0x0000000607400000, 0x0000000607800000|  0%| F|  |TAMS 0x0000000607400000| PB 0x0000000607400000| Untracked 
|  26|0x0000000607800000, 0x0000000607800000, 0x0000000607c00000|  0%| F|  |TAMS 0x0000000607800000| PB 0x0000000607800000| Untracked 
|  27|0x0000000607c00000, 0x0000000607c00000, 0x0000000608000000|  0%| F|  |TAMS 0x0000000607c00000| PB 0x0000000607c00000| Untracked 
|  28|0x0000000608000000, 0x0000000608000000, 0x0000000608400000|  0%| F|  |TAMS 0x0000000608000000| PB 0x0000000608000000| Untracked 
|  29|0x0000000608400000, 0x0000000608400000, 0x0000000608800000|  0%| F|  |TAMS 0x0000000608400000| PB 0x0000000608400000| Untracked 
|  30|0x0000000608800000, 0x0000000608800000, 0x0000000608c00000|  0%| F|  |TAMS 0x0000000608800000| PB 0x0000000608800000| Untracked 
|  31|0x0000000608c00000, 0x0000000608c00000, 0x0000000609000000|  0%| F|  |TAMS 0x0000000608c00000| PB 0x0000000608c00000| Untracked 
|  32|0x0000000609000000, 0x0000000609000000, 0x0000000609400000|  0%| F|  |TAMS 0x0000000609000000| PB 0x0000000609000000| Untracked 
|  33|0x0000000609400000, 0x0000000609400000, 0x0000000609800000|  0%| F|  |TAMS 0x0000000609400000| PB 0x0000000609400000| Untracked 
|  34|0x0000000609800000, 0x0000000609800000, 0x0000000609c00000|  0%| F|  |TAMS 0x0000000609800000| PB 0x0000000609800000| Untracked 
|  35|0x0000000609c00000, 0x0000000609c00000, 0x000000060a000000|  0%| F|  |TAMS 0x0000000609c00000| PB 0x0000000609c00000| Untracked 
|  36|0x000000060a000000, 0x000000060a000000, 0x000000060a400000|  0%| F|  |TAMS 0x000000060a000000| PB 0x000000060a000000| Untracked 
|  37|0x000000060a400000, 0x000000060a400000, 0x000000060a800000|  0%| F|  |TAMS 0x000000060a400000| PB 0x000000060a400000| Untracked 
|  38|0x000000060a800000, 0x000000060a800000, 0x000000060ac00000|  0%| F|  |TAMS 0x000000060a800000| PB 0x000000060a800000| Untracked 
|  39|0x000000060ac00000, 0x000000060ac00000, 0x000000060b000000|  0%| F|  |TAMS 0x000000060ac00000| PB 0x000000060ac00000| Untracked 
|  40|0x000000060b000000, 0x000000060b000000, 0x000000060b400000|  0%| F|  |TAMS 0x000000060b000000| PB 0x000000060b000000| Untracked 
|  41|0x000000060b400000, 0x000000060b400000, 0x000000060b800000|  0%| F|  |TAMS 0x000000060b400000| PB 0x000000060b400000| Untracked 
|  42|0x000000060b800000, 0x000000060b800000, 0x000000060bc00000|  0%| F|  |TAMS 0x000000060b800000| PB 0x000000060b800000| Untracked 
|  43|0x000000060bc00000, 0x000000060bc00000, 0x000000060c000000|  0%| F|  |TAMS 0x000000060bc00000| PB 0x000000060bc00000| Untracked 
|  44|0x000000060c000000, 0x000000060c000000, 0x000000060c400000|  0%| F|  |TAMS 0x000000060c000000| PB 0x000000060c000000| Untracked 
|  45|0x000000060c400000, 0x000000060c400000, 0x000000060c800000|  0%| F|  |TAMS 0x000000060c400000| PB 0x000000060c400000| Untracked 
|  46|0x000000060c800000, 0x000000060c800000, 0x000000060cc00000|  0%| F|  |TAMS 0x000000060c800000| PB 0x000000060c800000| Untracked 
|  47|0x000000060cc00000, 0x000000060cc00000, 0x000000060d000000|  0%| F|  |TAMS 0x000000060cc00000| PB 0x000000060cc00000| Untracked 
|  48|0x000000060d000000, 0x000000060d000000, 0x000000060d400000|  0%| F|  |TAMS 0x000000060d000000| PB 0x000000060d000000| Untracked 
|  49|0x000000060d400000, 0x000000060d400000, 0x000000060d800000|  0%| F|  |TAMS 0x000000060d400000| PB 0x000000060d400000| Untracked 
|  50|0x000000060d800000, 0x000000060d800000, 0x000000060dc00000|  0%| F|  |TAMS 0x000000060d800000| PB 0x000000060d800000| Untracked 
|  51|0x000000060dc00000, 0x000000060dc00000, 0x000000060e000000|  0%| F|  |TAMS 0x000000060dc00000| PB 0x000000060dc00000| Untracked 
|  52|0x000000060e000000, 0x000000060e000000, 0x000000060e400000|  0%| F|  |TAMS 0x000000060e000000| PB 0x000000060e000000| Untracked 
|  53|0x000000060e400000, 0x000000060e400000, 0x000000060e800000|  0%| F|  |TAMS 0x000000060e400000| PB 0x000000060e400000| Untracked 
|  54|0x000000060e800000, 0x000000060e800000, 0x000000060ec00000|  0%| F|  |TAMS 0x000000060e800000| PB 0x000000060e800000| Untracked 
|  55|0x000000060ec00000, 0x000000060ec00000, 0x000000060f000000|  0%| F|  |TAMS 0x000000060ec00000| PB 0x000000060ec00000| Untracked 
|  56|0x000000060f000000, 0x000000060f000000, 0x000000060f400000|  0%| F|  |TAMS 0x000000060f000000| PB 0x000000060f000000| Untracked 
|  57|0x000000060f400000, 0x000000060f400000, 0x000000060f800000|  0%| F|  |TAMS 0x000000060f400000| PB 0x000000060f400000| Untracked 
|  58|0x000000060f800000, 0x000000060f800000, 0x000000060fc00000|  0%| F|  |TAMS 0x000000060f800000| PB 0x000000060f800000| Untracked 
|  59|0x000000060fc00000, 0x000000060fc00000, 0x0000000610000000|  0%| F|  |TAMS 0x000000060fc00000| PB 0x000000060fc00000| Untracked 
|  60|0x0000000610000000, 0x0000000610000000, 0x0000000610400000|  0%| F|  |TAMS 0x0000000610000000| PB 0x0000000610000000| Untracked 
|  61|0x0000000610400000, 0x0000000610400000, 0x0000000610800000|  0%| F|  |TAMS 0x0000000610400000| PB 0x0000000610400000| Untracked 
|  62|0x0000000610800000, 0x0000000610800000, 0x0000000610c00000|  0%| F|  |TAMS 0x0000000610800000| PB 0x0000000610800000| Untracked 
|  63|0x0000000610c00000, 0x0000000610c00000, 0x0000000611000000|  0%| F|  |TAMS 0x0000000610c00000| PB 0x0000000610c00000| Untracked 
|  64|0x0000000611000000, 0x0000000611000000, 0x0000000611400000|  0%| F|  |TAMS 0x0000000611000000| PB 0x0000000611000000| Untracked 
|  65|0x0000000611400000, 0x0000000611400000, 0x0000000611800000|  0%| F|  |TAMS 0x0000000611400000| PB 0x0000000611400000| Untracked 
|  66|0x0000000611800000, 0x0000000611800000, 0x0000000611c00000|  0%| F|  |TAMS 0x0000000611800000| PB 0x0000000611800000| Untracked 
|  67|0x0000000611c00000, 0x0000000611c00000, 0x0000000612000000|  0%| F|  |TAMS 0x0000000611c00000| PB 0x0000000611c00000| Untracked 
|  68|0x0000000612000000, 0x0000000612000000, 0x0000000612400000|  0%| F|  |TAMS 0x0000000612000000| PB 0x0000000612000000| Untracked 
|  69|0x0000000612400000, 0x0000000612400000, 0x0000000612800000|  0%| F|  |TAMS 0x0000000612400000| PB 0x0000000612400000| Untracked 
|  70|0x0000000612800000, 0x0000000612800000, 0x0000000612c00000|  0%| F|  |TAMS 0x0000000612800000| PB 0x0000000612800000| Untracked 
|  71|0x0000000612c00000, 0x0000000612c00000, 0x0000000613000000|  0%| F|  |TAMS 0x0000000612c00000| PB 0x0000000612c00000| Untracked 
|  72|0x0000000613000000, 0x0000000613000000, 0x0000000613400000|  0%| F|  |TAMS 0x0000000613000000| PB 0x0000000613000000| Untracked 
|  73|0x0000000613400000, 0x0000000613400000, 0x0000000613800000|  0%| F|  |TAMS 0x0000000613400000| PB 0x0000000613400000| Untracked 
|  74|0x0000000613800000, 0x0000000613800000, 0x0000000613c00000|  0%| F|  |TAMS 0x0000000613800000| PB 0x0000000613800000| Untracked 
|  75|0x0000000613c00000, 0x0000000613c00000, 0x0000000614000000|  0%| F|  |TAMS 0x0000000613c00000| PB 0x0000000613c00000| Untracked 
|  76|0x0000000614000000, 0x0000000614000000, 0x0000000614400000|  0%| F|  |TAMS 0x0000000614000000| PB 0x0000000614000000| Untracked 
|  77|0x0000000614400000, 0x0000000614400000, 0x0000000614800000|  0%| F|  |TAMS 0x0000000614400000| PB 0x0000000614400000| Untracked 
|  78|0x0000000614800000, 0x0000000614800000, 0x0000000614c00000|  0%| F|  |TAMS 0x0000000614800000| PB 0x0000000614800000| Untracked 
|  79|0x0000000614c00000, 0x0000000614c00000, 0x0000000615000000|  0%| F|  |TAMS 0x0000000614c00000| PB 0x0000000614c00000| Untracked 
|  80|0x0000000615000000, 0x0000000615000000, 0x0000000615400000|  0%| F|  |TAMS 0x0000000615000000| PB 0x0000000615000000| Untracked 
|  81|0x0000000615400000, 0x0000000615400000, 0x0000000615800000|  0%| F|  |TAMS 0x0000000615400000| PB 0x0000000615400000| Untracked 
|  82|0x0000000615800000, 0x0000000615800000, 0x0000000615c00000|  0%| F|  |TAMS 0x0000000615800000| PB 0x0000000615800000| Untracked 
|  83|0x0000000615c00000, 0x0000000615c00000, 0x0000000616000000|  0%| F|  |TAMS 0x0000000615c00000| PB 0x0000000615c00000| Untracked 
|  84|0x0000000616000000, 0x0000000616000000, 0x0000000616400000|  0%| F|  |TAMS 0x0000000616000000| PB 0x0000000616000000| Untracked 
|  85|0x0000000616400000, 0x0000000616400000, 0x0000000616800000|  0%| F|  |TAMS 0x0000000616400000| PB 0x0000000616400000| Untracked 
|  86|0x0000000616800000, 0x0000000616800000, 0x0000000616c00000|  0%| F|  |TAMS 0x0000000616800000| PB 0x0000000616800000| Untracked 
|  87|0x0000000616c00000, 0x0000000616c00000, 0x0000000617000000|  0%| F|  |TAMS 0x0000000616c00000| PB 0x0000000616c00000| Untracked 
|  88|0x0000000617000000, 0x0000000617000000, 0x0000000617400000|  0%| F|  |TAMS 0x0000000617000000| PB 0x0000000617000000| Untracked 
|  89|0x0000000617400000, 0x0000000617400000, 0x0000000617800000|  0%| F|  |TAMS 0x0000000617400000| PB 0x0000000617400000| Untracked 
|  90|0x0000000617800000, 0x0000000617800000, 0x0000000617c00000|  0%| F|  |TAMS 0x0000000617800000| PB 0x0000000617800000| Untracked 
|  91|0x0000000617c00000, 0x0000000617c00000, 0x0000000618000000|  0%| F|  |TAMS 0x0000000617c00000| PB 0x0000000617c00000| Untracked 
|  92|0x0000000618000000, 0x0000000618000000, 0x0000000618400000|  0%| F|  |TAMS 0x0000000618000000| PB 0x0000000618000000| Untracked 
|  93|0x0000000618400000, 0x0000000618400000, 0x0000000618800000|  0%| F|  |TAMS 0x0000000618400000| PB 0x0000000618400000| Untracked 
|  94|0x0000000618800000, 0x0000000618800000, 0x0000000618c00000|  0%| F|  |TAMS 0x0000000618800000| PB 0x0000000618800000| Untracked 
|  95|0x0000000618c00000, 0x0000000618c00000, 0x0000000619000000|  0%| F|  |TAMS 0x0000000618c00000| PB 0x0000000618c00000| Untracked 
|  96|0x0000000619000000, 0x0000000619000000, 0x0000000619400000|  0%| F|  |TAMS 0x0000000619000000| PB 0x0000000619000000| Untracked 
|  97|0x0000000619400000, 0x0000000619400000, 0x0000000619800000|  0%| F|  |TAMS 0x0000000619400000| PB 0x0000000619400000| Untracked 
|  98|0x0000000619800000, 0x0000000619800000, 0x0000000619c00000|  0%| F|  |TAMS 0x0000000619800000| PB 0x0000000619800000| Untracked 
|  99|0x0000000619c00000, 0x0000000619c00000, 0x000000061a000000|  0%| F|  |TAMS 0x0000000619c00000| PB 0x0000000619c00000| Untracked 
| 100|0x000000061a000000, 0x000000061a000000, 0x000000061a400000|  0%| F|  |TAMS 0x000000061a000000| PB 0x000000061a000000| Untracked 
| 101|0x000000061a400000, 0x000000061a400000, 0x000000061a800000|  0%| F|  |TAMS 0x000000061a400000| PB 0x000000061a400000| Untracked 
| 102|0x000000061a800000, 0x000000061a800000, 0x000000061ac00000|  0%| F|  |TAMS 0x000000061a800000| PB 0x000000061a800000| Untracked 
| 103|0x000000061ac00000, 0x000000061ac00000, 0x000000061b000000|  0%| F|  |TAMS 0x000000061ac00000| PB 0x000000061ac00000| Untracked 
| 104|0x000000061b000000, 0x000000061b000000, 0x000000061b400000|  0%| F|  |TAMS 0x000000061b000000| PB 0x000000061b000000| Untracked 
| 105|0x000000061b400000, 0x000000061b400000, 0x000000061b800000|  0%| F|  |TAMS 0x000000061b400000| PB 0x000000061b400000| Untracked 
| 106|0x000000061b800000, 0x000000061b800000, 0x000000061bc00000|  0%| F|  |TAMS 0x000000061b800000| PB 0x000000061b800000| Untracked 
| 107|0x000000061bc00000, 0x000000061bc00000, 0x000000061c000000|  0%| F|  |TAMS 0x000000061bc00000| PB 0x000000061bc00000| Untracked 
| 108|0x000000061c000000, 0x000000061c000000, 0x000000061c400000|  0%| F|  |TAMS 0x000000061c000000| PB 0x000000061c000000| Untracked 
| 109|0x000000061c400000, 0x000000061c400000, 0x000000061c800000|  0%| F|  |TAMS 0x000000061c400000| PB 0x000000061c400000| Untracked 
| 110|0x000000061c800000, 0x000000061c800000, 0x000000061cc00000|  0%| F|  |TAMS 0x000000061c800000| PB 0x000000061c800000| Untracked 
| 111|0x000000061cc00000, 0x000000061cc00000, 0x000000061d000000|  0%| F|  |TAMS 0x000000061cc00000| PB 0x000000061cc00000| Untracked 
| 112|0x000000061d000000, 0x000000061d000000, 0x000000061d400000|  0%| F|  |TAMS 0x000000061d000000| PB 0x000000061d000000| Untracked 
| 113|0x000000061d400000, 0x000000061d400000, 0x000000061d800000|  0%| F|  |TAMS 0x000000061d400000| PB 0x000000061d400000| Untracked 
| 114|0x000000061d800000, 0x000000061d800000, 0x000000061dc00000|  0%| F|  |TAMS 0x000000061d800000| PB 0x000000061d800000| Untracked 
| 115|0x000000061dc00000, 0x000000061dc00000, 0x000000061e000000|  0%| F|  |TAMS 0x000000061dc00000| PB 0x000000061dc00000| Untracked 
| 116|0x000000061e000000, 0x000000061e000000, 0x000000061e400000|  0%| F|  |TAMS 0x000000061e000000| PB 0x000000061e000000| Untracked 
| 117|0x000000061e400000, 0x000000061e400000, 0x000000061e800000|  0%| F|  |TAMS 0x000000061e400000| PB 0x000000061e400000| Untracked 
| 118|0x000000061e800000, 0x000000061e800000, 0x000000061ec00000|  0%| F|  |TAMS 0x000000061e800000| PB 0x000000061e800000| Untracked 
| 119|0x000000061ec00000, 0x000000061ec00000, 0x000000061f000000|  0%| F|  |TAMS 0x000000061ec00000| PB 0x000000061ec00000| Untracked 
| 120|0x000000061f000000, 0x000000061f000000, 0x000000061f400000|  0%| F|  |TAMS 0x000000061f000000| PB 0x000000061f000000| Untracked 
| 121|0x000000061f400000, 0x000000061f400000, 0x000000061f800000|  0%| F|  |TAMS 0x000000061f400000| PB 0x000000061f400000| Untracked 
| 122|0x000000061f800000, 0x000000061f87b638, 0x000000061fc00000| 12%| E|  |TAMS 0x000000061f800000| PB 0x000000061f800000| Complete 
| 123|0x000000061fc00000, 0x0000000620000000, 0x0000000620000000|100%| E|CS|TAMS 0x000000061fc00000| PB 0x000000061fc00000| Complete 
| 124|0x0000000620000000, 0x0000000620400000, 0x0000000620400000|100%| E|CS|TAMS 0x0000000620000000| PB 0x0000000620000000| Complete 
| 125|0x0000000620400000, 0x0000000620800000, 0x0000000620800000|100%| E|CS|TAMS 0x0000000620400000| PB 0x0000000620400000| Complete 
| 126|0x0000000620800000, 0x0000000620c00000, 0x0000000620c00000|100%| E|  |TAMS 0x0000000620800000| PB 0x0000000620800000| Complete 
| 127|0x0000000620c00000, 0x0000000621000000, 0x0000000621000000|100%| E|CS|TAMS 0x0000000620c00000| PB 0x0000000620c00000| Complete 

Card table byte_map: [0x0000017e7eb10000,0x0000017e7fb10000] _byte_map_base: 0x0000017e7bb08000

Marking Bits: (CMBitMap*) 0x0000017e7cce4450
 Bits: [0x0000017e173b0000, 0x0000017e1f370000)

Polling page: 0x0000017e7ab60000

Metaspace:

Usage:
  Non-class:      3.66 MB used.
      Class:    501.70 KB used.
       Both:      4.15 MB used.

Virtual space:
  Non-class space:       64.00 MB reserved,       3.75 MB (  6%) committed,  1 nodes.
      Class space:        1.00 GB reserved,     640.00 KB ( <1%) committed,  1 nodes.
             Both:        1.06 GB reserved,       4.38 MB ( <1%) committed. 

Chunk freelists:
   Non-Class:  10.50 MB
       Class:  15.42 MB
        Both:  25.92 MB

MaxMetaspaceSize: unlimited
CompressedClassSpaceSize: 1.00 GB
Initial GC threshold: 21.00 MB
Current GC threshold: 21.00 MB
CDS: on
 - commit_granule_bytes: 65536.
 - commit_granule_words: 8192.
 - virtual_space_node_default_size: 8388608.
 - enlarge_chunks_in_place: 1.
 - use_allocation_guard: 0.


Internal statistics:

num_allocs_failed_limit: 0.
num_arena_births: 90.
num_arena_deaths: 0.
num_vsnodes_births: 2.
num_vsnodes_deaths: 0.
num_space_committed: 70.
num_space_uncommitted: 0.
num_chunks_returned_to_freelist: 0.
num_chunks_taken_from_freelist: 230.
num_chunk_merges: 0.
num_chunk_splits: 117.
num_chunks_enlarged: 71.
num_inconsistent_stats: 0.

CodeHeap 'non-profiled nmethods': size=119168Kb used=336Kb max_used=336Kb free=118832Kb
 bounds [0x0000017e0ff50000, 0x0000017e101c0000, 0x0000017e173b0000]
CodeHeap 'profiled nmethods': size=119104Kb used=2146Kb max_used=2146Kb free=116957Kb
 bounds [0x0000017e083b0000, 0x0000017e08620000, 0x0000017e0f800000]
CodeHeap 'non-nmethods': size=7488Kb used=1888Kb max_used=1904Kb free=5599Kb
 bounds [0x0000017e0f800000, 0x0000017e0fa70000, 0x0000017e0ff50000]
 total_blobs=1550 nmethods=1114 adapters=340
 compilation: enabled
              stopped_count=0, restarted_count=0
 full_count=0

Compilation events (20 events):
Event: 0.317 Thread 0x0000017e22634bb0 nmethod 1106 0x0000017e085b5f90 code [0x0000017e085b6a60, 0x0000017e085be590]
Event: 0.317 Thread 0x0000017e226322d0 nmethod 1109 0x0000017e085c0d90 code [0x0000017e085c1180, 0x0000017e085c2708]
Event: 0.317 Thread 0x0000017e226294f0 nmethod 1107% 0x0000017e0ffa3090 code [0x0000017e0ffa3220, 0x0000017e0ffa35b8]
Event: 0.317 Thread 0x0000017e226322d0 1108       3       java.util.zip.ZipFile$ZipFileInflaterInputStream::<init> (14 bytes)
Event: 0.317 Thread 0x0000017e226322d0 nmethod 1108 0x0000017e085c2f10 code [0x0000017e085c30c0, 0x0000017e085c3278]
Event: 0.317 Thread 0x0000017e226322d0 1102       3       java.lang.invoke.MethodHandles$Lookup::hasFullPrivilegeAccess (18 bytes)
Event: 0.318 Thread 0x0000017e22634bb0 1103   !   3       java.lang.invoke.MethodHandles$Lookup::revealDirect (196 bytes)
Event: 0.318 Thread 0x0000017e226322d0 nmethod 1102 0x0000017e085c3390 code [0x0000017e085c3520, 0x0000017e085c3688]
Event: 0.318 Thread 0x0000017e226322d0 1104       3       java.lang.invoke.InfoFromMemberName::<init> (72 bytes)
Event: 0.318 Thread 0x0000017e226322d0 nmethod 1104 0x0000017e085c3710 code [0x0000017e085c38c0, 0x0000017e085c3ab0]
Event: 0.318 Thread 0x0000017e226322d0 1105       3       java.lang.invoke.InnerClassLambdaMetafactory::lambdaClassName (48 bytes)
Event: 0.318 Thread 0x0000017e226344e0 nmethod 1110 0x0000017e0ffa3710 code [0x0000017e0ffa38a0, 0x0000017e0ffa3b10]
Event: 0.318 Thread 0x0000017e226322d0 nmethod 1105 0x0000017e085c3b90 code [0x0000017e085c3de0, 0x0000017e085c44c0]
Event: 0.318 Thread 0x0000017e22634bb0 nmethod 1103 0x0000017e085c4790 code [0x0000017e085c4ae0, 0x0000017e085c5da0]
Event: 0.318 Thread 0x0000017e22634bb0 1111   !   3       java.util.zip.ZipFile$CleanableResource::getInflater (47 bytes)
Event: 0.319 Thread 0x0000017e226322d0 1112   !   3       java.util.zip.ZipFile$CleanableResource::releaseInflater (53 bytes)
Event: 0.319 Thread 0x0000017e22634bb0 nmethod 1111 0x0000017e085c6490 code [0x0000017e085c6680, 0x0000017e085c6ba0]
Event: 0.319 Thread 0x0000017e226322d0 nmethod 1112 0x0000017e085c6d90 code [0x0000017e085c6f80, 0x0000017e085c73c8]
Event: 0.319 Thread 0x0000017e226322d0 1114       3       java.lang.invoke.LambdaMetafactory::metafactory (71 bytes)
Event: 0.320 Thread 0x0000017e226322d0 nmethod 1114 0x0000017e085c7590 code [0x0000017e085c7820, 0x0000017e085c8340]

GC Heap History (0 events):
No events

Dll operation events (10 events):
Event: 0.005 Loaded shared library C:\Program Files\Java\jdk-21\bin\java.dll
Event: 0.022 Loaded shared library C:\Program Files\Java\jdk-21\bin\jsvml.dll
Event: 0.078 Loaded shared library C:\Program Files\Java\jdk-21\bin\zip.dll
Event: 0.080 Loaded shared library C:\Program Files\Java\jdk-21\bin\instrument.dll
Event: 0.082 Loaded shared library C:\Program Files\Java\jdk-21\bin\net.dll
Event: 0.083 Loaded shared library C:\Program Files\Java\jdk-21\bin\nio.dll
Event: 0.085 Loaded shared library C:\Program Files\Java\jdk-21\bin\zip.dll
Event: 0.092 Loaded shared library C:\Program Files\JetBrains\IntelliJ IDEA Community Edition 2023.3\bin\breakgen64.dll
Event: 0.097 Loaded shared library C:\Program Files\Java\jdk-21\bin\extnet.dll
Event: 0.174 Loaded shared library C:\Program Files\Java\jdk-21\bin\jimage.dll

Deoptimization events (20 events):
Event: 0.143 Thread 0x0000017e7aa0cfa0 DEOPT PACKING pc=0x0000017e0ff67198 sp=0x000000364c6fd180
Event: 0.143 Thread 0x0000017e7aa0cfa0 DEOPT UNPACKING pc=0x0000017e0f8546a2 sp=0x000000364c6fd108 mode 2
Event: 0.149 Thread 0x0000017e7aa0cfa0 DEOPT PACKING pc=0x0000017e084388d5 sp=0x000000364c6fd1c0
Event: 0.149 Thread 0x0000017e7aa0cfa0 DEOPT UNPACKING pc=0x0000017e0f854e42 sp=0x000000364c6fc648 mode 0
Event: 0.176 Thread 0x0000017e7aa0cfa0 DEOPT PACKING pc=0x0000017e084388d5 sp=0x000000364c6fdcb0
Event: 0.176 Thread 0x0000017e7aa0cfa0 DEOPT UNPACKING pc=0x0000017e0f854e42 sp=0x000000364c6fd138 mode 0
Event: 0.191 Thread 0x0000017e7aa0cfa0 Uncommon trap: trap_request=0xffffff45 fr.pc=0x0000017e0ff6e090 relative=0x0000000000000070
Event: 0.191 Thread 0x0000017e7aa0cfa0 Uncommon trap: reason=unstable_if action=reinterpret pc=0x0000017e0ff6e090 method=java.io.WinNTFileSystem.isSlash(C)Z @ 9 c2
Event: 0.191 Thread 0x0000017e7aa0cfa0 DEOPT PACKING pc=0x0000017e0ff6e090 sp=0x000000364c6fe5f0
Event: 0.191 Thread 0x0000017e7aa0cfa0 DEOPT UNPACKING pc=0x0000017e0f8546a2 sp=0x000000364c6fe578 mode 2
Event: 0.206 Thread 0x0000017e7aa0cfa0 DEOPT PACKING pc=0x0000017e084388d5 sp=0x000000364c6fa380
Event: 0.206 Thread 0x0000017e7aa0cfa0 DEOPT UNPACKING pc=0x0000017e0f854e42 sp=0x000000364c6f97f0 mode 0
Event: 0.232 Thread 0x0000017e7aa0cfa0 Uncommon trap: trap_request=0xffffff45 fr.pc=0x0000017e0ff60b6c relative=0x0000000000000a8c
Event: 0.232 Thread 0x0000017e7aa0cfa0 Uncommon trap: reason=unstable_if action=reinterpret pc=0x0000017e0ff60b6c method=java.util.HashMap.putVal(ILjava/lang/Object;Ljava/lang/Object;ZZ)Ljava/lang/Object; @ 181 c2
Event: 0.232 Thread 0x0000017e7aa0cfa0 DEOPT PACKING pc=0x0000017e0ff60b6c sp=0x000000364c6fd680
Event: 0.232 Thread 0x0000017e7aa0cfa0 DEOPT UNPACKING pc=0x0000017e0f8546a2 sp=0x000000364c6fd640 mode 2
Event: 0.257 Thread 0x0000017e7aa0cfa0 DEOPT PACKING pc=0x0000017e084388d5 sp=0x000000364c6fcfe0
Event: 0.257 Thread 0x0000017e7aa0cfa0 DEOPT UNPACKING pc=0x0000017e0f854e42 sp=0x000000364c6fc450 mode 0
Event: 0.257 Thread 0x0000017e7aa0cfa0 DEOPT PACKING pc=0x0000017e083f2b77 sp=0x000000364c6fcf40
Event: 0.257 Thread 0x0000017e7aa0cfa0 DEOPT UNPACKING pc=0x0000017e0f854e42 sp=0x000000364c6fc390 mode 0

Classes loaded (20 events):
Event: 0.291 Loading class java/util/concurrent/atomic/AtomicBoolean
Event: 0.292 Loading class java/util/concurrent/atomic/AtomicBoolean done
Event: 0.296 Loading class java/net/URLDecoder
Event: 0.297 Loading class java/net/URLDecoder done
Event: 0.304 Loading class java/util/concurrent/locks/ReadWriteLock
Event: 0.304 Loading class java/util/concurrent/locks/ReadWriteLock done
Event: 0.306 Loading class java/util/Comparators$NaturalOrderComparator
Event: 0.306 Loading class java/util/Comparators$NaturalOrderComparator done
Event: 0.308 Loading class java/util/concurrent/locks/ReentrantReadWriteLock
Event: 0.308 Loading class java/util/concurrent/locks/ReentrantReadWriteLock done
Event: 0.308 Loading class java/util/concurrent/locks/ReentrantReadWriteLock$NonfairSync
Event: 0.308 Loading class java/util/concurrent/locks/ReentrantReadWriteLock$Sync
Event: 0.308 Loading class java/util/concurrent/locks/ReentrantReadWriteLock$Sync done
Event: 0.308 Loading class java/util/concurrent/locks/ReentrantReadWriteLock$NonfairSync done
Event: 0.308 Loading class java/util/concurrent/locks/ReentrantReadWriteLock$Sync$ThreadLocalHoldCounter
Event: 0.308 Loading class java/util/concurrent/locks/ReentrantReadWriteLock$Sync$ThreadLocalHoldCounter done
Event: 0.308 Loading class java/util/concurrent/locks/ReentrantReadWriteLock$ReadLock
Event: 0.308 Loading class java/util/concurrent/locks/ReentrantReadWriteLock$ReadLock done
Event: 0.308 Loading class java/util/concurrent/locks/ReentrantReadWriteLock$WriteLock
Event: 0.308 Loading class java/util/concurrent/locks/ReentrantReadWriteLock$WriteLock done

Classes unloaded (0 events):
No events

Classes redefined (0 events):
No events

Internal exceptions (20 events):
Event: 0.231 Thread 0x0000017e7aa0cfa0 Exception <a 'java/lang/NoSuchMethodError'{0x00000006202fd100}: 'void java.lang.invoke.DirectMethodHandle$Holder.invokeStaticInit(java.lang.Object, java.lang.Object, java.lang.Object)'> (0x00000006202fd100) 
thrown [s\open\src\hotspot\share\interpreter\linkResolver.cpp, line 773]
Event: 0.243 Thread 0x0000017e7aa0cfa0 Exception <a 'java/lang/NoSuchMethodError'{0x000000062036c6d0}: 'java.lang.Object java.lang.invoke.DirectMethodHandle$Holder.newInvokeSpecial(java.lang.Object, java.lang.Object, java.lang.Object, java.lang.Object, java.lang.Object)'> (0x000000062036c6d0) 
thrown [s\open\src\hotspot\share\interpreter\linkResolver.cpp, line 773]
Event: 0.262 Thread 0x0000017e7aa0cfa0 Exception <a 'java/lang/NoSuchMethodError'{0x000000061fcc5360}: 'java.lang.Object java.lang.invoke.DirectMethodHandle$Holder.invokeSpecialIFC(java.lang.Object, java.lang.Object, java.lang.Object, java.lang.Object)'> (0x000000061fcc5360) 
thrown [s\open\src\hotspot\share\interpreter\linkResolver.cpp, line 773]
Event: 0.264 Thread 0x0000017e7aa0cfa0 Exception <a 'java/lang/NoSuchMethodError'{0x000000061fcdc9d8}: 'java.lang.Object java.lang.invoke.DirectMethodHandle$Holder.invokeInterface(java.lang.Object, java.lang.Object, java.lang.Object)'> (0x000000061fcdc9d8) 
thrown [s\open\src\hotspot\share\interpreter\linkResolver.cpp, line 773]
Event: 0.265 Thread 0x0000017e7aa0cfa0 Exception <a 'java/lang/NoSuchMethodError'{0x000000061fced5e0}: 'void java.lang.invoke.DirectMethodHandle$Holder.invokeSpecial(java.lang.Object, java.lang.Object, java.lang.Object)'> (0x000000061fced5e0) 
thrown [s\open\src\hotspot\share\interpreter\linkResolver.cpp, line 773]
Event: 0.269 Thread 0x0000017e7aa0cfa0 Exception <a 'java/lang/NoSuchMethodError'{0x000000061fd2caa0}: 'void java.lang.invoke.DirectMethodHandle$Holder.invokeInterface(java.lang.Object, java.lang.Object, java.lang.Object)'> (0x000000061fd2caa0) 
thrown [s\open\src\hotspot\share\interpreter\linkResolver.cpp, line 773]
Event: 0.272 Thread 0x0000017e7aa0cfa0 Exception <a 'java/lang/NoSuchMethodError'{0x000000061fd68f30}: 'java.lang.Object java.lang.invoke.DirectMethodHandle$Holder.newInvokeSpecial(java.lang.Object, java.lang.Object, java.lang.Object, java.lang.Object, java.lang.Object, java.lang.Object)'> (0x000000061fd68f30) 
thrown [s\open\src\hotspot\share\interpreter\linkResolver.cpp, line 773]
Event: 0.276 Thread 0x0000017e7aa0cfa0 Exception <a 'java/lang/NoSuchMethodError'{0x000000061fdafdd8}: 'void java.lang.invoke.DirectMethodHandle$Holder.invokeInterface(java.lang.Object, java.lang.Object, java.lang.Object, java.lang.Object, java.lang.Object)'> (0x000000061fdafdd8) 
thrown [s\open\src\hotspot\share\interpreter\linkResolver.cpp, line 773]
Event: 0.276 Thread 0x0000017e7aa0cfa0 Exception <a 'java/lang/IncompatibleClassChangeError'{0x000000061fdb37c8}: Found class java.lang.Object, but interface was expected> (0x000000061fdb37c8) 
thrown [s\open\src\hotspot\share\interpreter\linkResolver.cpp, line 840]
Event: 0.279 Thread 0x0000017e7aa0cfa0 Exception <a 'java/lang/IncompatibleClassChangeError'{0x000000061fde0c58}: Found class java.lang.Object, but interface was expected> (0x000000061fde0c58) 
thrown [s\open\src\hotspot\share\interpreter\linkResolver.cpp, line 840]
Event: 0.281 Thread 0x0000017e7aa0cfa0 Exception <a 'java/lang/NoSuchMethodError'{0x000000061fdfc598}: 'java.lang.Object java.lang.invoke.DirectMethodHandle$Holder.invokeStatic(java.lang.Object, java.lang.Object, int)'> (0x000000061fdfc598) 
thrown [s\open\src\hotspot\share\interpreter\linkResolver.cpp, line 773]
Event: 0.286 Thread 0x0000017e7aa0cfa0 Exception <a 'java/lang/NoSuchMethodError'{0x000000061fe4c240}: 'void java.lang.invoke.DirectMethodHandle$Holder.invokeSpecial(java.lang.Object, java.lang.Object, java.lang.Object, java.lang.Object, java.lang.Object)'> (0x000000061fe4c240) 
thrown [s\open\src\hotspot\share\interpreter\linkResolver.cpp, line 773]
Event: 0.293 Thread 0x0000017e7aa0cfa0 Exception <a 'java/lang/NoSuchMethodError'{0x000000061fe9f910}: 'void java.lang.invoke.DirectMethodHandle$Holder.invokeInterface(java.lang.Object, java.lang.Object, java.lang.Object, java.lang.Object)'> (0x000000061fe9f910) 
thrown [s\open\src\hotspot\share\interpreter\linkResolver.cpp, line 773]
Event: 0.293 Thread 0x0000017e7aa0cfa0 Exception <a 'java/lang/IncompatibleClassChangeError'{0x000000061fea2d78}: Found class java.lang.Object, but interface was expected> (0x000000061fea2d78) 
thrown [s\open\src\hotspot\share\interpreter\linkResolver.cpp, line 840]
Event: 0.295 Thread 0x0000017e7aa0cfa0 Exception <a 'java/lang/NoSuchMethodError'{0x000000061feb9d18}: 'void java.lang.invoke.DirectMethodHandle$Holder.invokeStatic(java.lang.Object, java.lang.Object, java.lang.Object, java.lang.Object)'> (0x000000061feb9d18) 
thrown [s\open\src\hotspot\share\interpreter\linkResolver.cpp, line 773]
Event: 0.296 Thread 0x0000017e7aa0cfa0 Exception <a 'java/lang/NoSuchMethodError'{0x000000061fed7730}: 'java.lang.Object java.lang.invoke.DirectMethodHandle$Holder.newInvokeSpecial(java.lang.Object, java.lang.Object, int)'> (0x000000061fed7730) 
thrown [s\open\src\hotspot\share\interpreter\linkResolver.cpp, line 773]
Event: 0.305 Thread 0x0000017e7aa0cfa0 Exception <a 'java/lang/NoSuchMethodError'{0x000000061ff500d0}: 'int java.lang.invoke.DirectMethodHandle$Holder.invokeStatic(java.lang.Object, java.lang.Object, java.lang.Object, java.lang.Object)'> (0x000000061ff500d0) 
thrown [s\open\src\hotspot\share\interpreter\linkResolver.cpp, line 773]
Event: 0.305 Thread 0x0000017e7aa0cfa0 Exception <a 'java/lang/NoSuchMethodError'{0x000000061ff53750}: 'java.lang.Object java.lang.invoke.Invokers$Holder.invokeExact_MT(java.lang.Object, java.lang.Object, java.lang.Object, java.lang.Object, java.lang.Object, java.lang.Object)'> (0x000000061ff53750) 
thrown [s\open\src\hotspot\share\interpreter\linkResolver.cpp, line 773]
Event: 0.307 Thread 0x0000017e7aa0cfa0 Exception <a 'java/lang/NoSuchMethodError'{0x000000061ff60d70}: 'int java.lang.invoke.DirectMethodHandle$Holder.invokeStatic(java.lang.Object, java.lang.Object, java.lang.Object, java.lang.Object, java.lang.Object)'> (0x000000061ff60d70) 
thrown [s\open\src\hotspot\share\interpreter\linkResolver.cpp, line 773]
Event: 0.312 Thread 0x0000017e7aa0cfa0 Exception <a 'java/lang/NoSuchMethodError'{0x000000061ff9b4a0}: 'void java.lang.invoke.DirectMethodHandle$Holder.invokeStaticInit(java.lang.Object)'> (0x000000061ff9b4a0) 
thrown [s\open\src\hotspot\share\interpreter\linkResolver.cpp, line 773]

ZGC Phase Switch (0 events):
No events

VM Operations (10 events):
Event: 0.072 Executing VM operation: HandshakeAllThreads (Deoptimize)
Event: 0.072 Executing VM operation: HandshakeAllThreads (Deoptimize) done
Event: 0.159 Executing VM operation: HandshakeAllThreads (Deoptimize)
Event: 0.159 Executing VM operation: HandshakeAllThreads (Deoptimize) done
Event: 0.191 Executing VM operation: HandshakeAllThreads (Deoptimize)
Event: 0.191 Executing VM operation: HandshakeAllThreads (Deoptimize) done
Event: 0.233 Executing VM operation: HandshakeAllThreads (Deoptimize)
Event: 0.233 Executing VM operation: HandshakeAllThreads (Deoptimize) done
Event: 0.289 Executing VM operation: HandshakeAllThreads (Deoptimize)
Event: 0.289 Executing VM operation: HandshakeAllThreads (Deoptimize) done

Events (14 events):
Event: 0.013 Thread 0x0000017e7aa0cfa0 Thread added: 0x0000017e7aa0cfa0
Event: 0.021 Thread 0x0000017e7fe16820 Thread added: 0x0000017e7fe16820
Event: 0.021 Thread 0x0000017e7fe17480 Thread added: 0x0000017e7fe17480
Event: 0.021 Thread 0x0000017e7fe186d0 Thread added: 0x0000017e7fe186d0
Event: 0.021 Thread 0x0000017e7fe196e0 Thread added: 0x0000017e7fe196e0
Event: 0.021 Thread 0x0000017e7fe1c250 Thread added: 0x0000017e7fe1c250
Event: 0.021 Thread 0x0000017e7fe1cde0 Thread added: 0x0000017e7fe1cde0
Event: 0.021 Thread 0x0000017e226294f0 Thread added: 0x0000017e226294f0
Event: 0.021 Thread 0x0000017e22634bb0 Thread added: 0x0000017e22634bb0
Event: 0.025 Thread 0x0000017e226322d0 Thread added: 0x0000017e226322d0
Event: 0.067 Thread 0x0000017e22798be0 Thread added: 0x0000017e22798be0
Event: 0.076 Thread 0x0000017e226344e0 Thread added: 0x0000017e226344e0
Event: 0.093 Thread 0x0000017e228cfca0 Thread added: 0x0000017e228cfca0
Event: 0.093 Thread 0x0000017e228d0310 Thread added: 0x0000017e228d0310


Dynamic libraries:
0x00007ff7111c0000 - 0x00007ff7111d0000 	C:\Program Files\Java\jdk-21\bin\java.exe
0x00007ffe8c110000 - 0x00007ffe8c327000 	C:\WINDOWS\SYSTEM32\ntdll.dll
0x00007ffe8b420000 - 0x00007ffe8b4e4000 	C:\WINDOWS\System32\KERNEL32.DLL
0x00007ffe897f0000 - 0x00007ffe89b9d000 	C:\WINDOWS\System32\KERNELBASE.dll
0x00007ffe89440000 - 0x00007ffe89551000 	C:\WINDOWS\System32\ucrtbase.dll
0x00007ffe03120000 - 0x00007ffe03139000 	C:\Program Files\Java\jdk-21\bin\jli.dll
0x00007ffe01fa0000 - 0x00007ffe01fbb000 	C:\Program Files\Java\jdk-21\bin\VCRUNTIME140.dll
0x00007ffe8adc0000 - 0x00007ffe8ae72000 	C:\WINDOWS\System32\ADVAPI32.dll
0x00007ffe8a250000 - 0x00007ffe8a2f7000 	C:\WINDOWS\System32\msvcrt.dll
0x00007ffe8a110000 - 0x00007ffe8a1b9000 	C:\WINDOWS\System32\sechost.dll
0x00007ffe897c0000 - 0x00007ffe897e8000 	C:\WINDOWS\System32\bcrypt.dll
0x00007ffe89eb0000 - 0x00007ffe89fc4000 	C:\WINDOWS\System32\RPCRT4.dll
0x00007ffe8b170000 - 0x00007ffe8b31e000 	C:\WINDOWS\System32\USER32.dll
0x00007ffe89560000 - 0x00007ffe89586000 	C:\WINDOWS\System32\win32u.dll
0x00007ffe88680000 - 0x00007ffe88913000 	C:\WINDOWS\WinSxS\amd64_microsoft.windows.common-controls_6595b64144ccf1df_6.0.22621.3672_none_2713b9d173822955\COMCTL32.dll
0x00007ffe8af80000 - 0x00007ffe8afa9000 	C:\WINDOWS\System32\GDI32.dll
0x00007ffe89ba0000 - 0x00007ffe89cb9000 	C:\WINDOWS\System32\gdi32full.dll
0x00007ffe89db0000 - 0x00007ffe89e4a000 	C:\WINDOWS\System32\msvcp_win.dll
0x00007ffe822f0000 - 0x00007ffe822fa000 	C:\WINDOWS\SYSTEM32\VERSION.dll
0x00007ffe8a1c0000 - 0x00007ffe8a1f1000 	C:\WINDOWS\System32\IMM32.DLL
0x00007ffe126d0000 - 0x00007ffe126dc000 	C:\Program Files\Java\jdk-21\bin\vcruntime140_1.dll
0x00007ffdff760000 - 0x00007ffdff7ee000 	C:\Program Files\Java\jdk-21\bin\msvcp140.dll
0x00007ffdec9a0000 - 0x00007ffded6ad000 	C:\Program Files\Java\jdk-21\bin\server\jvm.dll
0x00007ffe8a460000 - 0x00007ffe8a4d1000 	C:\WINDOWS\System32\WS2_32.dll
0x00007ffe88d40000 - 0x00007ffe88d8d000 	C:\WINDOWS\SYSTEM32\POWRPROF.dll
0x00007ffe7deb0000 - 0x00007ffe7dee4000 	C:\WINDOWS\SYSTEM32\WINMM.dll
0x00007ffe88a50000 - 0x00007ffe88a63000 	C:\WINDOWS\SYSTEM32\UMPDC.dll
0x00007ffe87be0000 - 0x00007ffe87bf8000 	C:\WINDOWS\SYSTEM32\kernel.appcore.dll
0x00007ffdffb70000 - 0x00007ffdffb7a000 	C:\Program Files\Java\jdk-21\bin\jimage.dll
0x00007ffe88d90000 - 0x00007ffe88fc2000 	C:\WINDOWS\SYSTEM32\DBGHELP.DLL
0x00007ffe8b9e0000 - 0x00007ffe8bd68000 	C:\WINDOWS\System32\combase.dll
0x00007ffe8ae80000 - 0x00007ffe8af57000 	C:\WINDOWS\System32\OLEAUT32.dll
0x00007ffe88c30000 - 0x00007ffe88c62000 	C:\WINDOWS\SYSTEM32\dbgcore.DLL
0x00007ffe89d30000 - 0x00007ffe89dab000 	C:\WINDOWS\System32\bcryptPrimitives.dll
0x00007ffe84b10000 - 0x00007ffe84b1f000 	C:\Program Files\Java\jdk-21\bin\instrument.dll
0x00007ffe03170000 - 0x00007ffe0318f000 	C:\Program Files\Java\jdk-21\bin\java.dll
0x00007ffe8a560000 - 0x00007ffe8adbf000 	C:\WINDOWS\System32\SHELL32.dll
0x00007ffe86910000 - 0x00007ffe8720c000 	C:\WINDOWS\SYSTEM32\windows.storage.dll
0x00007ffe867d0000 - 0x00007ffe8690f000 	C:\WINDOWS\SYSTEM32\wintypes.dll
0x00007ffe8bd80000 - 0x00007ffe8be74000 	C:\WINDOWS\System32\SHCORE.dll
0x00007ffe8a0b0000 - 0x00007ffe8a10e000 	C:\WINDOWS\System32\shlwapi.dll
0x00007ffe89370000 - 0x00007ffe89391000 	C:\WINDOWS\SYSTEM32\profapi.dll
0x00007ffe02030000 - 0x00007ffe02107000 	C:\Program Files\Java\jdk-21\bin\jsvml.dll
0x00007ffe02010000 - 0x00007ffe02028000 	C:\Program Files\Java\jdk-21\bin\zip.dll
0x00007ffe03160000 - 0x00007ffe03170000 	C:\Program Files\Java\jdk-21\bin\net.dll
0x00007ffe85450000 - 0x00007ffe85586000 	C:\WINDOWS\SYSTEM32\WINHTTP.dll
0x00007ffe88000000 - 0x00007ffe88069000 	C:\WINDOWS\system32\mswsock.dll
0x00007ffe03140000 - 0x00007ffe03156000 	C:\Program Files\Java\jdk-21\bin\nio.dll
0x00007ffe84ad0000 - 0x00007ffe84aea000 	C:\Program Files\JetBrains\IntelliJ IDEA Community Edition 2023.3\bin\breakgen64.dll
0x00007ffdff630000 - 0x00007ffdff639000 	C:\Program Files\Java\jdk-21\bin\extnet.dll

dbghelp: loaded successfully - version: 4.0.5 - missing functions: none
symbol engine: initialized successfully - sym options: 0x614 - pdb path: .;C:\Program Files\Java\jdk-21\bin;C:\WINDOWS\SYSTEM32;C:\WINDOWS\WinSxS\amd64_microsoft.windows.common-controls_6595b64144ccf1df_6.0.22621.3672_none_2713b9d173822955;C:\Program Files\Java\jdk-21\bin\server;C:\Program Files\JetBrains\IntelliJ IDEA Community Edition 2023.3\bin

VM Arguments:
jvm_args: -ea -Didea.test.cyclic.buffer.size=1048576 -javaagent:C:\Program Files\JetBrains\IntelliJ IDEA Community Edition 2023.3\lib\idea_rt.jar=51135:C:\Program Files\JetBrains\IntelliJ IDEA Community Edition 2023.3\bin -Dfile.encoding=UTF-8 -Dsun.stdout.encoding=UTF-8 -Dsun.stderr.encoding=UTF-8 
java_command: com.intellij.rt.junit.JUnitStarter -ideVersion5 -junit5 org.example.tech.JUnit.service.SWAPIServiceTest
java_class_path (initial): C:\Users\PC\.m2\repository\org\junit\platform\junit-platform-launcher\1.10.2\junit-platform-launcher-1.10.2.jar;C:\Users\PC\.m2\repository\org\junit\platform\junit-platform-engine\1.10.2\junit-platform-engine-1.10.2.jar;C:\Program Files\JetBrains\IntelliJ IDEA Community Edition 2023.3\lib\idea_rt.jar;C:\Program Files\JetBrains\IntelliJ IDEA Community Edition 2023.3\plugins\junit\lib\junit5-rt.jar;C:\Program Files\JetBrains\IntelliJ IDEA Community Edition 2023.3\plugins\junit\lib\junit-rt.jar;C:\sw\Github-repositories\starwars-tech\target\test-classes;C:\sw\Github-repositories\starwars-tech\target\classes;C:\Users\PC\.m2\repository\org\springframework\boot\spring-boot-starter-web\3.2.0\spring-boot-starter-web-3.2.0.jar;C:\Users\PC\.m2\repository\org\springframework\boot\spring-boot-starter\3.2.0\spring-boot-starter-3.2.0.jar;C:\Users\PC\.m2\repository\org\springframework\boot\spring-boot\3.2.0\spring-boot-3.2.0.jar;C:\Users\PC\.m2\repository\org\springframework\boot\spring-boot-autoconfigure\3.2.0\spring-boot-autoconfigure-3.2.0.jar;C:\Users\PC\.m2\repository\org\springframework\boot\spring-boot-starter-logging\3.2.0\spring-boot-starter-logging-3.2.0.jar;C:\Users\PC\.m2\repository\ch\qos\logback\logback-classic\1.4.11\logback-classic-1.4.11.jar;C:\Users\PC\.m2\repository\ch\qos\logback\logback-core\1.4.11\logback-core-1.4.11.jar;C:\Users\PC\.m2\repository\org\apache\logging\log4j\log4j-to-slf4j\2.21.1\log4j-to-slf4j-2.21.1.jar;C:\Users\PC\.m2\repository\org\apache\logging\log4j\log4j-api\2.21.1\log4j-api-2.21.1.jar;C:\Users\PC\.m2\repository\org\slf4j\jul-to-slf4j\2.0.9\jul-to-slf4j-2.0.9.jar;C:\Users\PC\.m2\repository\jakarta\annotation\jakarta.annotation-api\2.1.1\jakarta.annotation-api-2.1.1.jar;C:\Users\PC\.m2\repository\org\yaml\snakeyaml\2.2\snakeyaml-2.2.jar;C:\Users\PC\.m2\repository\org\springframework\boot\spring-boot-starter-json\3.2.0\spring-boot-starter-json-3.2.0.jar;C:\Users\PC\.m2\repository\com\fasterxml\jackson\core\jackson-databind\2.15.3\jackson-databind-2.15.3.jar;C:\Users\PC\.m2\repository\com\fasterxml\jackson\core\jackson-annotations\2.15.3\jackson-annotations-2.15.3.jar;C:\Users\PC\.m2\repository\com\fasterxml\jackson\core\jackson-core\2.15.3\jackson-core-2.15.3.jar;C:\Users\PC\.m2\repository\com\fasterxml\jackson\datatype\jackson-datatype-jdk8\2.15.3\jackson-datatype-jdk8-2.15.3.jar;C:\Users\PC\.m2\repository\com\fasterxml\jackson\datatype\jackson-datatype-jsr310\2.15.3\jackson-datatype-jsr310-2.15.3.jar;C:\Users\PC\.m2\repository\com\fasterxml\jackson\module\jackson-module-parameter-names\2.15.3\jackson-module-parameter-names-2.15.3.jar;C:\Users\PC\.m2\repository\org\springframework\boot\spring-boot-starter-tomcat\3.2.0\spring-boot-starter-tomcat-3.2.0.jar;C:\Users\PC\.m2\repository\org\apache\tomcat\embed\tomcat-embed-core\10.1.16\tomcat-embed-core-10.1.16.jar;C:\Users\PC\.m2\repository\org\apache\tomcat\embed\tomcat-embed-el\10.1.16\tomcat-embed-el-10.1.16.jar;C:\Users\PC\.m2\repository\org\apache\tomcat\embed\tomcat-embed-websocket\10.1.16\tomcat-embed-websocket-10.1.16.jar;C:\Users\PC\.m2\repository\org\springframework\spring-web\6.1.1\spring-web-6.1.1.jar;C:\Users\PC\.m2\repository\org\springframework\spring-beans\6.1.1\spring-beans-6.1.1.jar;C:\Users\PC\.m2\repository\org\springframework\spring-webmvc\6.1.1\spring-webmvc-6.1.1.jar;C:\Users\PC\.m2\repository\org\springframework\spring-aop\6.1.1\spring-aop-6.1.1.jar;C:\Users\PC\.m2\repository\org\springframework\spring-expression\6.1.1\spring-expression-6.1.1.jar;C:\Users\PC\.m2\repository\org\springframework\spring-core\6.1.11\spring-core-6.1.11.jar;C:\Users\PC\.m2\repository\org\springframework\spring-jcl\6.1.11\spring-jcl-6.1.11.jar;C:\Users\PC\.m2\repository\org\springframework\boot\spring-boot-starter-data-jpa\3.2.0\spring-boot-starter-data-jpa-3.2.0.jar;C:\Users\PC\.m2\repository\org\springframework\boot\spring-boot-starter-aop\3.2.0\spring-boot-starter-aop-3.2.0.jar;C:\Users\PC\.m2\repository\org\aspectj\aspectjweaver\1.9.20.1\aspectjweaver-1.9.20.1.jar;C:\Users\PC\.m2\repository\org\springframework\boot\spring-boot-starter-jdbc\3.2.0\spring-boot-starter-jdbc-3.2.0.jar;C:\Users\PC\.m2\repository\com\zaxxer\HikariCP\5.0.1\HikariCP-5.0.1.jar;C:\Users\PC\.m2\repository\org\springframework\spring-jdbc\6.1.1\spring-jdbc-6.1.1.jar;C:\Users\PC\.m2\repository\org\hibernate\orm\hibernate-core\6.3.1.Final\hibernate-core-6.3.1.Final.jar;C:\Users\PC\.m2\repository\jakarta\persistence\jakarta.persistence-api\3.1.0\jakarta.persistence-api-3.1.0.jar;C:\Users\PC\.m2\repository\jakarta\transaction\jakarta.transaction-api\2.0.1\jakarta.transaction-api-2.0.1.jar;C:\Users\PC\.m2\repository\org\jboss\logging\jboss-logging\3.5.0.Final\jboss-logging-3.5.0.Final.jar;C:\Users\PC\.m2\repository\org\hibernate\common\hibernate-commons-annotations\6.0.6.Final\hibernate-commons-annotations-6.0.6.Final.jar;C:\Users\PC\.m2\repository\io\smallrye\jandex\3.1.2\jandex-3.1.2.jar;C:\Users\PC\.m2\repository\com\fasterxml\classmate\1.5.1\classmate-1.5.1.jar;C:\Users\PC\.m2\repository\org\glassfish\jaxb\jaxb-runtime\4.0.2\jaxb-runtime-4.0.2.jar;C:\Users\PC\.m2\repository\org\glassfish\jaxb\jaxb-core\4.0.2\jaxb-core-4.0.2.jar;C:\Users\PC\.m2\repository\org\eclipse\angus\angus-activation\2.0.0\angus-activation-2.0.0.jar;C:\Users\PC\.m2\repository\org\glassfish\jaxb\txw2\4.0.2\txw2-4.0.2.jar;C:\Users\PC\.m2\repository\com\sun\istack\istack-commons-runtime\4.1.1\istack-commons-runtime-4.1.1.jar;C:\Users\PC\.m2\repository\jakarta\inject\jakarta.inject-api\2.0.1\jakarta.inject-api-2.0.1.jar;C:\Users\PC\.m2\repository\org\antlr\antlr4-runtime\4.10.1\antlr4-runtime-4.10.1.jar;C:\Users\PC\.m2\repository\org\springframework\data\spring-data-jpa\3.2.0\spring-data-jpa-3.2.0.jar;C:\Users\PC\.m2\repository\org\springframework\data\spring-data-commons\3.2.0\spring-data-commons-3.2.0.jar;C:\Users\PC\.m2\repository\org\springframework\spring-orm\6.1.0\spring-orm-6.1.0.jar;C:\Users\PC\.m2\repository\org\slf4j\slf4j-api\2.0.2\slf4j-api-2.0.2.jar;C:\Users\PC\.m2\repository\org\springframework\spring-aspects\6.1.1\spring-aspects-6.1.1.jar;C:\Users\PC\.m2\repository\org\springframework\kafka\spring-kafka\3.2.0\spring-kafka-3.2.0.jar;C:\Users\PC\.m2\repository\org\springframework\spring-context\6.1.7\spring-context-6.1.7.jar;C:\Users\PC\.m2\repository\org\springframework\spring-messaging\6.1.7\spring-messaging-6.1.7.jar;C:\Users\PC\.m2\repository\org\springframework\spring-tx\6.1.7\spring-tx-6.1.7.jar;C:\Users\PC\.m2\repository\org\springframework\retry\spring-retry\2.0.6\spring-retry-2.0.6.jar;C:\Users\PC\.m2\repository\org\apache\kafka\kafka-clients\3.7.0\kafka-clients-3.7.0.jar;C:\Users\PC\.m2\repository\com\github\luben\zstd-jni\1.5.5-6\zstd-jni-1.5.5-6.jar;C:\Users\PC\.m2\repository\org\lz4\lz4-java\1.8.0\lz4-java-1.8.0.jar;C:\Users\PC\.m2\repository\org\xerial\snappy\snappy-java\1.1.10.5\snappy-java-1.1.10.5.jar;C:\Users\PC\.m2\repository\io\micrometer\micrometer-observation\1.13.0\micrometer-observation-1.13.0.jar;C:\Users\PC\.m2\repository\io\micrometer\micrometer-commons\1.13.0\micrometer-commons-1.13.0.jar;C:\Users\PC\.m2\repository\org\springframework\boot\spring-boot-starter-thymeleaf\3.2.0\spring-boot-starter-thymeleaf-3.2.0.jar;C:\Users\PC\.m2\repository\org\thymeleaf\thymeleaf-spring6\3.1.2.RELEASE\thymeleaf-spring6-3.1.2.RELEASE.jar;C:\Users\PC\.m2\repository\org\thymeleaf\thymeleaf\3.1.2.RELEASE\thymeleaf-3.1.2.RELEASE.jar;C:\Users\PC\.m2\repository\org\attoparser\attoparser\2.0.7.RELEASE\attoparser-2.0.7.RELEASE.jar;C:\Users\PC\.m2\repository\org\unbescape\unbescape\1.1.6.RELEASE\unbescape-1.1.6.RELEASE.jar;C:\Users\PC\.m2\repository\org\projectlombok\lombok\1.18.30\lombok-1.18.30.jar;C:\Users\PC\.m2\repository\com\h2database\h2\2.3.230\h2-2.3.230.jar;C:\Users\PC\.m2\repository\org\springframework\boot\spring-boot-starter-test\3.2.0\spring-boot-starter-test-3.2.0.jar;C:\Users\PC\.m2\repository\org\springframework\boot\spring-boot-test\3.2.0\spring-boot-test-3.2.0.jar;C:\Users\PC\.m2\repository\org\springframework\boot\spring-boot-test-autoconfigure\3.2.0\spring-boot-test-autoconfigure-3.2.0.jar;C:\Users\PC\.m2\repository\com\jayway\jsonpath\json-path\2.8.0\json-path-2.8.0.jar;C:\Users\PC\.m2\repository\jakarta\xml\bind\jakarta.xml.bind-api\4.0.1\jakarta.xml.bind-api-4.0.1.jar;C:\Users\PC\.m2\repository\jakarta\activation\jakarta.activation-api\2.1.2\jakarta.activation-api-2.1.2.jar;C:\Users\PC\.m2\repository\net\minidev\json-smart\2.5.0\json-smart-2.5.0.jar;C:\Users\PC\.m2\repository\net\minidev\accessors-smart\2.5.0\accessors-smart-2.5.0.jar;C:\Users\PC\.m2\repository\org\ow2\asm\asm\9.3\asm-9.3.jar;C:\Users\PC\.m2\repository\org\assertj\assertj-core\3.24.2\assertj-core-3.24.2.jar;C:\Users\PC\.m2\repository\org\awaitility\awaitility\4.2.0\awaitility-4.2.0.jar;C:\Users\PC\.m2\repository\org\hamcrest\hamcrest\2.2\hamcrest-2.2.jar;C:\Users\PC\.m2\repository\org\junit\jupiter\junit-jupiter\5.10.1\junit-jupiter-5.10.1.jar;C:\Users\PC\.m2\repository\org\junit\jupiter\junit-jupiter-params\5.10.1\junit-jupiter-params-5.10.1.jar;C:\Users\PC\.m2\repository\org\junit\jupiter\junit-jupiter-engine\5.10.1\junit-jupiter-engine-5.10.1.jar;C:\Users\PC\.m2\repository\org\junit\platform\junit-platform-engine\1.10.1\junit-platform-engine-1.10.1.jar;C:\Users\PC\.m2\repository\org\skyscreamer\jsonassert\1.5.1\jsonassert-1.5.1.jar;C:\Users\PC\.m2\repository\com\vaadin\external\google\android-json\0.0.20131108.vaadin1\android-json-0.0.20131108.vaadin1.jar;C:\Users\PC\.m2\repository\org\springframework\spring-test\6.1.1\spring-test-6.1.1.jar;C:\Users\PC\.m2\repository\org\xmlunit\xmlunit-core\2.9.1\xmlunit-core-2.9.1.jar;C:\Users\PC\.m2\repository\org\mockito\mockito-core\5.12.0\mockito-core-5.12.0.jar;C:\Users\PC\.m2\repository\net\bytebuddy\byte-buddy\1.14.15\byte-buddy-1.14.15.jar;C:\Users\PC\.m2\repository\net\bytebuddy\byte-buddy-agent\1.14.15\byte-buddy-agent-1.14.15.jar;C:\Users\PC\.m2\repository\org\objenesis\objenesis\3.3\objenesis-3.3.jar;C:\Users\PC\.m2\repository\org\mockito\mockito-junit-jupiter\5.12.0\mockito-junit-jupiter-5.12.0.jar;C:\Users\PC\.m2\repository\org\junit\jupiter\junit-jupiter-api\5.10.2\junit-jupiter-api-5.10.2.jar;C:\Users\PC\.m2\repository\org\opentest4j\opentest4j\1.3.0\opentest4j-1.3.0.jar;C:\Users\PC\.m2\repository\org\junit\platform\junit-platform-commons\1.10.2\junit-platform-commons-1.10.2.jar;C:\Users\PC\.m2\repository\org\apiguardian\apiguardian-api\1.1.2\apiguardian-api-1.1.2.jar
Launcher Type: SUN_STANDARD

[Global flags]
     intx CICompilerCount                          = 12                                        {product} {ergonomic}
     uint ConcGCThreads                            = 5                                         {product} {ergonomic}
     uint G1ConcRefinementThreads                  = 18                                        {product} {ergonomic}
   size_t G1HeapRegionSize                         = 4194304                                   {product} {ergonomic}
    uintx GCDrainStackTargetSize                   = 64                                        {product} {ergonomic}
   size_t InitialHeapSize                          = 536870912                                 {product} {ergonomic}
   size_t MarkStackSize                            = 4194304                                   {product} {ergonomic}
   size_t MaxHeapSize                              = 8573157376                                {product} {ergonomic}
   size_t MaxNewSize                               = 5142216704                                {product} {ergonomic}
   size_t MinHeapDeltaBytes                        = 4194304                                   {product} {ergonomic}
   size_t MinHeapSize                              = 8388608                                   {product} {ergonomic}
    uintx NonNMethodCodeHeapSize                   = 7602480                                {pd product} {ergonomic}
    uintx NonProfiledCodeHeapSize                  = 122027880                              {pd product} {ergonomic}
    uintx ProfiledCodeHeapSize                     = 122027880                              {pd product} {ergonomic}
    uintx ReservedCodeCacheSize                    = 251658240                              {pd product} {ergonomic}
     bool SegmentedCodeCache                       = true                                      {product} {ergonomic}
   size_t SoftMaxHeapSize                          = 8573157376                             {manageable} {ergonomic}
     bool UseCompressedOops                        = true                           {product lp64_product} {ergonomic}
     bool UseG1GC                                  = true                                      {product} {ergonomic}
     bool UseLargePagesIndividualAllocation        = false                                  {pd product} {ergonomic}

Logging:
Log output configuration:
 #0: stdout all=warning uptime,level,tags foldmultilines=false
 #1: stderr all=off uptime,level,tags foldmultilines=false

Environment Variables:
JAVA_HOME=C:\Program Files\Java\jdk-17
PATH=C:\Program Files\Common Files\Oracle\Java\javapath;C:\WINDOWS\system32;C:\WINDOWS;C:\WINDOWS\System32\Wbem;C:\WINDOWS\System32\WindowsPowerShell\v1.0\;C:\WINDOWS\System32\OpenSSH\;C:\Program Files\NVIDIA Corporation\NVIDIA NvDLISR;C:\Program Files (x86)\NVIDIA Corporation\PhysX\Common;C:\Program Files\Git\cmd;C:\Program Files\nodejs\;C:\Program Files (x86)\Windows Kits\10\Windows Performance Toolkit\;C:\sw\tools;C:\Program Files\dotnet\;C:\Program Files\Docker\Docker\resources\bin;C:\protoc-25.4-win64\bin;C:\Program Files\Java\jdk-21\bin;C:\Users\PC\AppData\Local\Microsoft\WindowsApps;C:\Users\PC\AppData\Local\Programs\Microsoft VS Code\bin;C:\Users\PC\AppData\Roaming\npm;C:\Users\PC\OneDrive\Escritorio\Work\Flutter\flutter_application_1\flutter\bin;C:\Users\PC\AppData\Local\GitHubDesktop\bin;C:\Users\PC\.dotnet\tools
USERNAME=PC
OS=Windows_NT
PROCESSOR_IDENTIFIER=AMD64 Family 25 Model 33 Stepping 2, AuthenticAMD
TMP=C:\Users\PC\AppData\Local\Temp
TEMP=C:\Users\PC\AppData\Local\Temp




Periodic native trim disabled

---------------  S Y S T E M  ---------------

OS:
 Windows 11 , 64 bit Build 22621 (10.0.22621.3672)
OS uptime: 0 days 0:38 hours
Hyper-V role detected

CPU: total 24 (initial active 24) (24 cores per cpu, 2 threads per core) family 25 model 33 stepping 2 microcode 0x0, cx8, cmov, fxsr, ht, mmx, 3dnowpref, sse, sse2, sse3, ssse3, sse4a, sse4.1, sse4.2, popcnt, lzcnt, tsc, tscinvbit, avx, avx2, aes, erms, clmul, bmi1, bmi2, adx, sha, fma, vzeroupper, clflush, clflushopt, hv, rdtscp, rdpid, fsrm, f16c, cet_ss
Processor Information for all 24 processors :
  Max Mhz: 3701, Current Mhz: 3701, Mhz Limit: 3701

Memory: 4k page, system-wide physical 32693M (22039M free)
TotalPageFile size 34741M (AvailPageFile size 21716M)
current process WorkingSet (physical memory assigned to process): 69M, peak: 69M
current process commit charge ("private bytes"): 636M, peak: 636M

vm_info: Java HotSpot(TM) 64-Bit Server VM (21.0.3+7-LTS-152) for windows-amd64 JRE (21.0.3+7-LTS-152), built on 2024-03-11T17:42:26Z by "mach5one" with MS VC++ 17.6 (VS2022)

END.
